{"/home/travis/build/npmtest/node-npmtest-homebridge-harmonyhub/test.js":{"path":"/home/travis/build/npmtest/node-npmtest-homebridge-harmonyhub/test.js","s":{"1":2,"2":2,"3":2,"4":2,"5":2,"6":2,"7":2,"8":1,"9":2,"10":2,"11":1,"12":1,"13":1,"14":1,"15":2,"16":2,"17":2,"18":2,"19":1,"20":1,"21":2,"22":2,"23":2,"24":1,"25":1,"26":1,"27":1,"28":1,"29":1,"30":1,"31":1,"32":1,"33":1,"34":1,"35":1,"36":1,"37":1,"38":1,"39":2,"40":2,"41":1,"42":2,"43":2,"44":1,"45":2,"46":2,"47":1,"48":2,"49":2,"50":1,"51":1,"52":1,"53":1,"54":1},"b":{"1":[2,1,1,1],"2":[1,1,1,1],"3":[1,1],"4":[1,1],"5":[1,1],"6":[1,1],"7":[1,1],"8":[1,1],"9":[1,1],"10":[1,1,1],"11":[1,1],"12":[1,1],"13":[1,1],"14":[1,1],"15":[1,1],"16":[1,1],"17":[1,1]},"f":{"1":2,"2":2,"3":2,"4":2,"5":2,"6":1,"7":1,"8":1,"9":2,"10":2,"11":2,"12":2,"13":1},"fnMap":{"1":{"name":"(anonymous_1)","line":12,"loc":{"start":{"line":12,"column":1},"end":{"line":12,"column":13}}},"2":{"name":"(anonymous_2)","line":19,"loc":{"start":{"line":19,"column":5},"end":{"line":19,"column":17}}},"3":{"name":"(anonymous_3)","line":23,"loc":{"start":{"line":23,"column":24},"end":{"line":23,"column":36}}},"4":{"name":"(anonymous_4)","line":61,"loc":{"start":{"line":61,"column":5},"end":{"line":61,"column":17}}},"5":{"name":"(anonymous_5)","line":82,"loc":{"start":{"line":82,"column":5},"end":{"line":82,"column":17}}},"6":{"name":"(anonymous_6)","line":91,"loc":{"start":{"line":91,"column":77},"end":{"line":94,"column":10}}},"7":{"name":"(anonymous_7)","line":112,"loc":{"start":{"line":112,"column":83},"end":{"line":115,"column":10}},"skip":true},"8":{"name":"(anonymous_8)","line":123,"loc":{"start":{"line":123,"column":77},"end":{"line":126,"column":10}},"skip":true},"9":{"name":"(anonymous_9)","line":139,"loc":{"start":{"line":139,"column":12},"end":{"line":139,"column":40}},"skip":true},"10":{"name":"(anonymous_10)","line":147,"loc":{"start":{"line":147,"column":77},"end":{"line":150,"column":10}},"skip":true},"11":{"name":"(anonymous_11)","line":158,"loc":{"start":{"line":158,"column":83},"end":{"line":161,"column":10}},"skip":true},"12":{"name":"(anonymous_12)","line":169,"loc":{"start":{"line":169,"column":79},"end":{"line":172,"column":10}},"skip":true},"13":{"name":"(anonymous_13)","line":180,"loc":{"start":{"line":180,"column":75},"end":{"line":183,"column":10}},"skip":true}},"statementMap":{"1":{"start":{"line":12,"column":0},"end":{"line":195,"column":5}},"2":{"start":{"line":14,"column":4},"end":{"line":14,"column":14}},"3":{"start":{"line":19,"column":4},"end":{"line":56,"column":9}},"4":{"start":{"line":21,"column":8},"end":{"line":21,"column":19}},"5":{"start":{"line":23,"column":8},"end":{"line":35,"column":13}},"6":{"start":{"line":24,"column":12},"end":{"line":34,"column":13}},"7":{"start":{"line":25,"column":16},"end":{"line":28,"column":30}},"8":{"start":{"line":30,"column":16},"end":{"line":33,"column":27}},"9":{"start":{"line":37,"column":8},"end":{"line":39,"column":21}},"10":{"start":{"line":40,"column":8},"end":{"line":53,"column":9}},"11":{"start":{"line":43,"column":12},"end":{"line":46,"column":14}},"12":{"start":{"line":47,"column":12},"end":{"line":47,"column":18}},"13":{"start":{"line":50,"column":12},"end":{"line":51,"column":46}},"14":{"start":{"line":52,"column":12},"end":{"line":52,"column":18}},"15":{"start":{"line":55,"column":8},"end":{"line":55,"column":35}},"16":{"start":{"line":61,"column":4},"end":{"line":63,"column":9}},"17":{"start":{"line":62,"column":8},"end":{"line":62,"column":15}},"18":{"start":{"line":64,"column":4},"end":{"line":77,"column":5}},"19":{"start":{"line":70,"column":8},"end":{"line":70,"column":14}},"20":{"start":{"line":76,"column":8},"end":{"line":76,"column":14}},"21":{"start":{"line":82,"column":4},"end":{"line":84,"column":9}},"22":{"start":{"line":83,"column":8},"end":{"line":83,"column":15}},"23":{"start":{"line":85,"column":4},"end":{"line":194,"column":5}},"24":{"start":{"line":91,"column":8},"end":{"line":99,"column":10}},"25":{"start":{"line":98,"column":12},"end":{"line":98,"column":35}},"26":{"start":{"line":102,"column":8},"end":{"line":104,"column":63}},"27":{"start":{"line":105,"column":8},"end":{"line":105,"column":14}},"28":{"start":{"line":112,"column":8},"end":{"line":121,"column":10},"skip":true},"29":{"start":{"line":119,"column":12},"end":{"line":119,"column":55},"skip":true},"30":{"start":{"line":120,"column":12},"end":{"line":120,"column":48},"skip":true},"31":{"start":{"line":123,"column":8},"end":{"line":136,"column":10},"skip":true},"32":{"start":{"line":130,"column":12},"end":{"line":130,"column":76},"skip":true},"33":{"start":{"line":131,"column":12},"end":{"line":131,"column":73},"skip":true},"34":{"start":{"line":132,"column":12},"end":{"line":132,"column":74},"skip":true},"35":{"start":{"line":133,"column":12},"end":{"line":133,"column":79},"skip":true},"36":{"start":{"line":134,"column":12},"end":{"line":134,"column":25},"skip":true},"37":{"start":{"line":135,"column":12},"end":{"line":135,"column":45},"skip":true},"38":{"start":{"line":138,"column":8},"end":{"line":145,"column":14},"skip":true},"39":{"start":{"line":143,"column":16},"end":{"line":143,"column":29},"skip":true},"40":{"start":{"line":144,"column":16},"end":{"line":144,"column":55},"skip":true},"41":{"start":{"line":147,"column":8},"end":{"line":156,"column":10},"skip":true},"42":{"start":{"line":154,"column":12},"end":{"line":154,"column":25},"skip":true},"43":{"start":{"line":155,"column":12},"end":{"line":155,"column":45},"skip":true},"44":{"start":{"line":158,"column":8},"end":{"line":167,"column":10},"skip":true},"45":{"start":{"line":165,"column":12},"end":{"line":165,"column":25},"skip":true},"46":{"start":{"line":166,"column":12},"end":{"line":166,"column":48},"skip":true},"47":{"start":{"line":169,"column":8},"end":{"line":178,"column":10},"skip":true},"48":{"start":{"line":176,"column":12},"end":{"line":176,"column":25},"skip":true},"49":{"start":{"line":177,"column":12},"end":{"line":177,"column":46},"skip":true},"50":{"start":{"line":180,"column":8},"end":{"line":189,"column":10},"skip":true},"51":{"start":{"line":187,"column":12},"end":{"line":187,"column":94},"skip":true},"52":{"start":{"line":188,"column":12},"end":{"line":188,"column":48},"skip":true},"53":{"start":{"line":192,"column":8},"end":{"line":192,"column":35},"skip":true},"54":{"start":{"line":193,"column":8},"end":{"line":193,"column":14},"skip":true}},"branchMap":{"1":{"line":25,"type":"binary-expr","locations":[{"start":{"line":25,"column":23},"end":{"line":25,"column":62}},{"start":{"line":26,"column":20},"end":{"line":26,"column":70}},{"start":{"line":27,"column":20},"end":{"line":27,"column":71}},{"start":{"line":28,"column":20},"end":{"line":28,"column":29}}]},"2":{"line":30,"type":"binary-expr","locations":[{"start":{"line":30,"column":23},"end":{"line":30,"column":37}},{"start":{"line":31,"column":20},"end":{"line":31,"column":61}},{"start":{"line":32,"column":20},"end":{"line":32,"column":70}},{"start":{"line":33,"column":20},"end":{"line":33,"column":26}}]},"3":{"line":37,"type":"cond-expr","locations":[{"start":{"line":38,"column":14},"end":{"line":38,"column":20}},{"start":{"line":39,"column":14},"end":{"line":39,"column":20}}]},"4":{"line":40,"type":"switch","locations":[{"start":{"line":42,"column":8},"end":{"line":47,"column":18}},{"start":{"line":49,"column":8},"end":{"line":52,"column":18}}]},"5":{"line":44,"type":"binary-expr","locations":[{"start":{"line":44,"column":16},"end":{"line":44,"column":44}},{"start":{"line":44,"column":48},"end":{"line":44,"column":66}}]},"6":{"line":50,"type":"binary-expr","locations":[{"start":{"line":50,"column":21},"end":{"line":50,"column":49}},{"start":{"line":50,"column":53},"end":{"line":50,"column":72}}]},"7":{"line":64,"type":"switch","locations":[{"start":{"line":69,"column":4},"end":{"line":70,"column":14}},{"start":{"line":75,"column":4},"end":{"line":76,"column":14}}]},"8":{"line":85,"type":"switch","locations":[{"start":{"line":90,"column":4},"end":{"line":105,"column":14}},{"start":{"line":111,"column":4},"end":{"line":193,"column":14},"skip":true}]},"9":{"line":91,"type":"binary-expr","locations":[{"start":{"line":91,"column":42},"end":{"line":91,"column":73}},{"start":{"line":91,"column":77},"end":{"line":99,"column":9}}]},"10":{"line":102,"type":"binary-expr","locations":[{"start":{"line":102,"column":18},"end":{"line":102,"column":32}},{"start":{"line":103,"column":12},"end":{"line":103,"column":53}},{"start":{"line":104,"column":12},"end":{"line":104,"column":61}}]},"11":{"line":112,"type":"binary-expr","locations":[{"start":{"line":112,"column":45},"end":{"line":112,"column":79},"skip":true},{"start":{"line":112,"column":83},"end":{"line":121,"column":9},"skip":true}]},"12":{"line":123,"type":"binary-expr","locations":[{"start":{"line":123,"column":42},"end":{"line":123,"column":73},"skip":true},{"start":{"line":123,"column":77},"end":{"line":136,"column":9},"skip":true}]},"13":{"line":138,"type":"binary-expr","locations":[{"start":{"line":138,"column":48},"end":{"line":138,"column":85},"skip":true},{"start":{"line":139,"column":12},"end":{"line":145,"column":13},"skip":true}]},"14":{"line":147,"type":"binary-expr","locations":[{"start":{"line":147,"column":42},"end":{"line":147,"column":73},"skip":true},{"start":{"line":147,"column":77},"end":{"line":156,"column":9},"skip":true}]},"15":{"line":158,"type":"binary-expr","locations":[{"start":{"line":158,"column":45},"end":{"line":158,"column":79},"skip":true},{"start":{"line":158,"column":83},"end":{"line":167,"column":9},"skip":true}]},"16":{"line":169,"type":"binary-expr","locations":[{"start":{"line":169,"column":43},"end":{"line":169,"column":75},"skip":true},{"start":{"line":169,"column":79},"end":{"line":178,"column":9},"skip":true}]},"17":{"line":180,"type":"binary-expr","locations":[{"start":{"line":180,"column":41},"end":{"line":180,"column":71},"skip":true},{"start":{"line":180,"column":75},"end":{"line":189,"column":9},"skip":true}]}},"code":["/* istanbul instrument in package npmtest_homebridge_harmonyhub */","/*jslint","    bitwise: true,","    browser: true,","    maxerr: 8,","    maxlen: 96,","    node: true,","    nomen: true,","    regexp: true,","    stupid: true","*/","(function () {","    'use strict';","    var local;","","","","    // run shared js-env code - pre-init","    (function () {","        // init local","        local = {};","        // init modeJs","        local.modeJs = (function () {","            try {","                return typeof navigator.userAgent === 'string' &&","                    typeof document.querySelector('body') === 'object' &&","                    typeof XMLHttpRequest.prototype.open === 'function' &&","                    'browser';","            } catch (errorCaughtBrowser) {","                return module.exports &&","                    typeof process.versions.node === 'string' &&","                    typeof require('http').createServer === 'function' &&","                    'node';","            }","        }());","        // init global","        local.global = local.modeJs === 'browser'","            ? window","            : global;","        switch (local.modeJs) {","        // re-init local from window.local","        case 'browser':","            local = local.global.utility2.objectSetDefault(","                local.global.utility2_rollup || local.global.local,","                local.global.utility2","            );","            break;","        // re-init local from example.js","        case 'node':","            local = (local.global.utility2_rollup || require('utility2'))","                .requireExampleJsFromReadme();","            break;","        }","        // export local","        local.global.local = local;","    }());","","","","    // run shared js-env code - function","    (function () {","        return;","    }());","    switch (local.modeJs) {","","","","    // run browser js-env code - function","    case 'browser':","        break;","","","","    // run node js-env code - function","    case 'node':","        break;","    }","","","","    // run shared js-env code - post-init","    (function () {","        return;","    }());","    switch (local.modeJs) {","","","","    // run browser js-env code - post-init","    case 'browser':","        local.testCase_browser_nullCase = local.testCase_browser_nullCase || function (","            options,","            onError","        ) {","        /*","         * this function will test browsers's null-case handling-behavior-behavior","         */","            onError(null, options);","        };","","        // run tests","        local.nop(local.modeTest &&","            document.querySelector('#testRunButton1') &&","            document.querySelector('#testRunButton1').click());","        break;","","","","    // run node js-env code - post-init","    /* istanbul ignore next */","    case 'node':","        local.testCase_buildApidoc_default = local.testCase_buildApidoc_default || function (","            options,","            onError","        ) {","        /*","         * this function will test buildApidoc's default handling-behavior-behavior","         */","            options = { modulePathList: module.paths };","            local.buildApidoc(options, onError);","        };","","        local.testCase_buildApp_default = local.testCase_buildApp_default || function (","            options,","            onError","        ) {","        /*","         * this function will test buildApp's default handling-behavior-behavior","         */","            local.testCase_buildReadme_default(options, local.onErrorThrow);","            local.testCase_buildLib_default(options, local.onErrorThrow);","            local.testCase_buildTest_default(options, local.onErrorThrow);","            local.testCase_buildCustomOrg_default(options, local.onErrorThrow);","            options = [];","            local.buildApp(options, onError);","        };","","        local.testCase_buildCustomOrg_default = local.testCase_buildCustomOrg_default ||","            function (options, onError) {","            /*","             * this function will test buildCustomOrg's default handling-behavior","             */","                options = {};","                local.buildCustomOrg(options, onError);","            };","","        local.testCase_buildLib_default = local.testCase_buildLib_default || function (","            options,","            onError","        ) {","        /*","         * this function will test buildLib's default handling-behavior","         */","            options = {};","            local.buildLib(options, onError);","        };","","        local.testCase_buildReadme_default = local.testCase_buildReadme_default || function (","            options,","            onError","        ) {","        /*","         * this function will test buildReadme's default handling-behavior-behavior","         */","            options = {};","            local.buildReadme(options, onError);","        };","","        local.testCase_buildTest_default = local.testCase_buildTest_default || function (","            options,","            onError","        ) {","        /*","         * this function will test buildTest's default handling-behavior","         */","            options = {};","            local.buildTest(options, onError);","        };","","        local.testCase_webpage_default = local.testCase_webpage_default || function (","            options,","            onError","        ) {","        /*","         * this function will test webpage's default handling-behavior","         */","            options = { modeCoverageMerge: true, url: local.serverLocalHost + '?modeTest=1' };","            local.browserTest(options, onError);","        };","","        // run test-server","        local.testRunServer(local);","        break;","    }","}());",""],"l":{"12":2,"14":2,"19":2,"21":2,"23":2,"24":2,"25":2,"30":1,"37":2,"40":2,"43":1,"47":1,"50":1,"52":1,"55":2,"61":2,"62":2,"64":2,"70":1,"76":1,"82":2,"83":2,"85":2,"91":1,"98":1,"102":1,"105":1,"112":1,"119":1,"120":1,"123":1,"130":1,"131":1,"132":1,"133":1,"134":1,"135":1,"138":1,"143":2,"144":2,"147":1,"154":2,"155":2,"158":1,"165":2,"166":2,"169":1,"176":2,"177":2,"180":1,"187":1,"188":1,"192":1,"193":1}},"/home/travis/build/npmtest/node-npmtest-homebridge-harmonyhub/lib.npmtest_homebridge_harmonyhub.js":{"path":"/home/travis/build/npmtest/node-npmtest-homebridge-harmonyhub/lib.npmtest_homebridge_harmonyhub.js","s":{"1":2,"2":2,"3":2,"4":2,"5":2,"6":2,"7":2,"8":1,"9":2,"10":2,"11":2,"12":2,"13":1,"14":1,"15":1,"16":1},"b":{"1":[2,1,1,1],"2":[1,1,1,1],"3":[1,1],"4":[2,2],"5":[1,1]},"f":{"1":2,"2":2,"3":2},"fnMap":{"1":{"name":"(anonymous_1)","line":12,"loc":{"start":{"line":12,"column":1},"end":{"line":12,"column":13}}},"2":{"name":"(anonymous_2)","line":19,"loc":{"start":{"line":19,"column":5},"end":{"line":19,"column":17}}},"3":{"name":"(anonymous_3)","line":23,"loc":{"start":{"line":23,"column":24},"end":{"line":23,"column":36}}}},"statementMap":{"1":{"start":{"line":12,"column":0},"end":{"line":53,"column":5}},"2":{"start":{"line":14,"column":4},"end":{"line":14,"column":14}},"3":{"start":{"line":19,"column":4},"end":{"line":52,"column":9}},"4":{"start":{"line":21,"column":8},"end":{"line":21,"column":19}},"5":{"start":{"line":23,"column":8},"end":{"line":35,"column":13}},"6":{"start":{"line":24,"column":12},"end":{"line":34,"column":13}},"7":{"start":{"line":25,"column":16},"end":{"line":28,"column":30}},"8":{"start":{"line":30,"column":16},"end":{"line":33,"column":27}},"9":{"start":{"line":37,"column":8},"end":{"line":39,"column":21}},"10":{"start":{"line":41,"column":8},"end":{"line":41,"column":54}},"11":{"start":{"line":43,"column":8},"end":{"line":43,"column":66}},"12":{"start":{"line":45,"column":8},"end":{"line":51,"column":9}},"13":{"start":{"line":46,"column":12},"end":{"line":46,"column":72}},"14":{"start":{"line":48,"column":12},"end":{"line":48,"column":35}},"15":{"start":{"line":49,"column":12},"end":{"line":49,"column":49}},"16":{"start":{"line":50,"column":12},"end":{"line":50,"column":43}}},"branchMap":{"1":{"line":25,"type":"binary-expr","locations":[{"start":{"line":25,"column":23},"end":{"line":25,"column":62}},{"start":{"line":26,"column":20},"end":{"line":26,"column":70}},{"start":{"line":27,"column":20},"end":{"line":27,"column":71}},{"start":{"line":28,"column":20},"end":{"line":28,"column":29}}]},"2":{"line":30,"type":"binary-expr","locations":[{"start":{"line":30,"column":23},"end":{"line":30,"column":37}},{"start":{"line":31,"column":20},"end":{"line":31,"column":61}},{"start":{"line":32,"column":20},"end":{"line":32,"column":70}},{"start":{"line":33,"column":20},"end":{"line":33,"column":26}}]},"3":{"line":37,"type":"cond-expr","locations":[{"start":{"line":38,"column":14},"end":{"line":38,"column":20}},{"start":{"line":39,"column":14},"end":{"line":39,"column":20}}]},"4":{"line":41,"type":"binary-expr","locations":[{"start":{"line":41,"column":16},"end":{"line":41,"column":44}},{"start":{"line":41,"column":48},"end":{"line":41,"column":53}}]},"5":{"line":45,"type":"if","locations":[{"start":{"line":45,"column":8},"end":{"line":45,"column":8}},{"start":{"line":45,"column":8},"end":{"line":45,"column":8}}]}},"code":["/* istanbul instrument in package npmtest_homebridge_harmonyhub */","/*jslint","    bitwise: true,","    browser: true,","    maxerr: 8,","    maxlen: 96,","    node: true,","    nomen: true,","    regexp: true,","    stupid: true","*/","(function () {","    'use strict';","    var local;","","","","    // run shared js-env code - pre-init","    (function () {","        // init local","        local = {};","        // init modeJs","        local.modeJs = (function () {","            try {","                return typeof navigator.userAgent === 'string' &&","                    typeof document.querySelector('body') === 'object' &&","                    typeof XMLHttpRequest.prototype.open === 'function' &&","                    'browser';","            } catch (errorCaughtBrowser) {","                return module.exports &&","                    typeof process.versions.node === 'string' &&","                    typeof require('http').createServer === 'function' &&","                    'node';","            }","        }());","        // init global","        local.global = local.modeJs === 'browser'","            ? window","            : global;","        // init utility2_rollup","        local = local.global.utility2_rollup || local;","        // init lib","        local.local = local.npmtest_homebridge_harmonyhub = local;","        // init exports","        if (local.modeJs === 'browser') {","            local.global.utility2_npmtest_homebridge_harmonyhub = local;","        } else {","            module.exports = local;","            module.exports.__dirname = __dirname;","            module.exports.module = module;","        }","    }());","}());",""],"l":{"12":2,"14":2,"19":2,"21":2,"23":2,"24":2,"25":2,"30":1,"37":2,"41":2,"43":2,"45":2,"46":1,"48":1,"49":1,"50":1}},"/home/travis/build/npmtest/node-npmtest-homebridge-harmonyhub/example.js":{"path":"/home/travis/build/npmtest/node-npmtest-homebridge-harmonyhub/example.js","s":{"1":2,"2":2,"3":2,"4":2,"5":2,"6":2,"7":2,"8":1,"9":2,"10":2,"11":2,"12":2,"13":1,"14":2,"15":2,"16":2,"17":2,"18":2,"19":0,"20":2,"21":1,"22":1,"23":1,"24":1,"25":1,"26":0,"27":0,"28":1,"29":1,"30":2,"31":0,"32":0,"33":0,"34":1,"35":2,"36":2,"37":3,"38":3,"39":3,"40":3,"41":0,"42":3,"43":3,"44":3,"45":1,"46":3,"47":1,"48":1,"49":1,"50":1,"51":1,"52":1,"53":1,"54":1,"55":1,"56":1,"57":0,"58":1,"59":6,"60":6,"61":1,"62":2,"63":0,"64":2,"65":1,"66":1,"67":0,"68":0,"69":0,"70":0,"71":0,"72":0,"73":0,"74":0,"75":0,"76":0,"77":0,"78":0,"79":0,"80":0,"81":0,"82":0,"83":0},"b":{"1":[2,1,1,1],"2":[1,1,1,1],"3":[1,1],"4":[2,2],"5":[1,1],"6":[1,1],"7":[2,0],"8":[2,1,1,1,1,1],"9":[0,2,0],"10":[1,1],"11":[2,1,1],"12":[1,0],"13":[0,2],"14":[2,0,0,0,0,0,0],"15":[0,3],"16":[3,0],"17":[1,1],"18":[0,1],"19":[1,2,0,2],"20":[1,0],"21":[1,1],"22":[0,0],"23":[0,0],"24":[0,0],"25":[0,0],"26":[0,0],"27":[0,0],"28":[0,0]},"f":{"1":2,"2":2,"3":2,"4":2,"5":2,"6":2,"7":3,"8":3,"9":3,"10":1,"11":6,"12":0},"fnMap":{"1":{"name":"(anonymous_1)","line":26,"loc":{"start":{"line":26,"column":1},"end":{"line":26,"column":13}}},"2":{"name":"(anonymous_2)","line":33,"loc":{"start":{"line":33,"column":5},"end":{"line":33,"column":17}}},"3":{"name":"(anonymous_3)","line":37,"loc":{"start":{"line":37,"column":24},"end":{"line":37,"column":36}}},"4":{"name":"(anonymous_4)","line":69,"loc":{"start":{"line":69,"column":31},"end":{"line":69,"column":48}},"skip":true},"5":{"name":"(anonymous_5)","line":78,"loc":{"start":{"line":78,"column":26},"end":{"line":78,"column":45}},"skip":true},"6":{"name":"(anonymous_6)","line":123,"loc":{"start":{"line":123,"column":33},"end":{"line":123,"column":48}},"skip":true},"7":{"name":"(anonymous_7)","line":125,"loc":{"start":{"line":125,"column":27},"end":{"line":125,"column":39}},"skip":true},"8":{"name":"(anonymous_8)","line":133,"loc":{"start":{"line":133,"column":59},"end":{"line":133,"column":74}},"skip":true},"9":{"name":"(anonymous_9)","line":143,"loc":{"start":{"line":143,"column":45},"end":{"line":143,"column":62}},"skip":true},"10":{"name":"(anonymous_10)","line":144,"loc":{"start":{"line":144,"column":73},"end":{"line":144,"column":92}},"skip":true},"11":{"name":"(anonymous_11)","line":272,"loc":{"start":{"line":272,"column":51},"end":{"line":272,"column":77}},"skip":true},"12":{"name":"(anonymous_12)","line":315,"loc":{"start":{"line":315,"column":32},"end":{"line":315,"column":61}},"skip":true}},"statementMap":{"1":{"start":{"line":26,"column":0},"end":{"line":326,"column":5}},"2":{"start":{"line":28,"column":4},"end":{"line":28,"column":14}},"3":{"start":{"line":33,"column":4},"end":{"line":60,"column":9}},"4":{"start":{"line":35,"column":8},"end":{"line":35,"column":19}},"5":{"start":{"line":37,"column":8},"end":{"line":49,"column":13}},"6":{"start":{"line":38,"column":12},"end":{"line":48,"column":13}},"7":{"start":{"line":39,"column":16},"end":{"line":42,"column":30}},"8":{"start":{"line":44,"column":16},"end":{"line":47,"column":27}},"9":{"start":{"line":51,"column":8},"end":{"line":53,"column":21}},"10":{"start":{"line":55,"column":8},"end":{"line":57,"column":45}},"11":{"start":{"line":59,"column":8},"end":{"line":59,"column":35}},"12":{"start":{"line":61,"column":4},"end":{"line":325,"column":5}},"13":{"start":{"line":69,"column":8},"end":{"line":121,"column":10},"skip":true},"14":{"start":{"line":70,"column":12},"end":{"line":88,"column":13},"skip":true},"15":{"start":{"line":76,"column":16},"end":{"line":87,"column":19},"skip":true},"16":{"start":{"line":79,"column":20},"end":{"line":86,"column":21},"skip":true},"17":{"start":{"line":82,"column":24},"end":{"line":82,"column":43},"skip":true},"18":{"start":{"line":83,"column":24},"end":{"line":83,"column":30},"skip":true},"19":{"start":{"line":85,"column":24},"end":{"line":85,"column":49},"skip":true},"20":{"start":{"line":89,"column":12},"end":{"line":107,"column":13},"skip":true},"21":{"start":{"line":92,"column":16},"end":{"line":102,"column":17},"skip":true},"22":{"start":{"line":93,"column":20},"end":{"line":93,"column":86},"skip":true},"23":{"start":{"line":94,"column":20},"end":{"line":95,"column":45},"skip":true},"24":{"start":{"line":96,"column":20},"end":{"line":96,"column":42},"skip":true},"25":{"start":{"line":97,"column":20},"end":{"line":97,"column":48},"skip":true},"26":{"start":{"line":100,"column":20},"end":{"line":100,"column":85},"skip":true},"27":{"start":{"line":101,"column":20},"end":{"line":101,"column":96},"skip":true},"28":{"start":{"line":103,"column":16},"end":{"line":103,"column":22},"skip":true},"29":{"start":{"line":106,"column":16},"end":{"line":106,"column":22},"skip":true},"30":{"start":{"line":108,"column":12},"end":{"line":120,"column":13},"skip":true},"31":{"start":{"line":114,"column":16},"end":{"line":119,"column":17},"skip":true},"32":{"start":{"line":116,"column":20},"end":{"line":116,"column":78},"skip":true},"33":{"start":{"line":118,"column":20},"end":{"line":118,"column":47},"skip":true},"34":{"start":{"line":123,"column":8},"end":{"line":141,"column":11},"skip":true},"35":{"start":{"line":124,"column":12},"end":{"line":124,"column":54},"skip":true},"36":{"start":{"line":125,"column":12},"end":{"line":140,"column":14},"skip":true},"37":{"start":{"line":126,"column":16},"end":{"line":126,"column":28},"skip":true},"38":{"start":{"line":127,"column":16},"end":{"line":127,"column":69},"skip":true},"39":{"start":{"line":128,"column":16},"end":{"line":128,"column":75},"skip":true},"40":{"start":{"line":129,"column":16},"end":{"line":131,"column":17},"skip":true},"41":{"start":{"line":130,"column":20},"end":{"line":130,"column":27},"skip":true},"42":{"start":{"line":133,"column":16},"end":{"line":137,"column":36},"skip":true},"43":{"start":{"line":134,"column":20},"end":{"line":136,"column":55},"skip":true},"44":{"start":{"line":139,"column":16},"end":{"line":139,"column":57},"skip":true},"45":{"start":{"line":143,"column":8},"end":{"line":147,"column":11},"skip":true},"46":{"start":{"line":144,"column":12},"end":{"line":146,"column":15},"skip":true},"47":{"start":{"line":145,"column":16},"end":{"line":145,"column":70},"skip":true},"48":{"start":{"line":149,"column":8},"end":{"line":149,"column":31},"skip":true},"49":{"start":{"line":150,"column":8},"end":{"line":150,"column":14},"skip":true},"50":{"start":{"line":158,"column":8},"end":{"line":158,"column":31},"skip":true},"51":{"start":{"line":160,"column":8},"end":{"line":160,"column":33},"skip":true},"52":{"start":{"line":161,"column":8},"end":{"line":161,"column":37},"skip":true},"53":{"start":{"line":162,"column":8},"end":{"line":162,"column":35},"skip":true},"54":{"start":{"line":164,"column":8},"end":{"line":164,"column":50},"skip":true},"55":{"start":{"line":166,"column":8},"end":{"line":256,"column":2},"skip":true},"56":{"start":{"line":258,"column":8},"end":{"line":286,"column":9},"skip":true},"57":{"start":{"line":259,"column":12},"end":{"line":269,"column":14},"skip":true},"58":{"start":{"line":271,"column":12},"end":{"line":285,"column":19},"skip":true},"59":{"start":{"line":274,"column":20},"end":{"line":274,"column":35},"skip":true},"60":{"start":{"line":275,"column":20},"end":{"line":284,"column":21},"skip":true},"61":{"start":{"line":277,"column":24},"end":{"line":277,"column":64},"skip":true},"62":{"start":{"line":279,"column":24},"end":{"line":279,"column":40},"skip":true},"63":{"start":{"line":281,"column":24},"end":{"line":281,"column":40},"skip":true},"64":{"start":{"line":283,"column":24},"end":{"line":283,"column":39},"skip":true},"65":{"start":{"line":288,"column":8},"end":{"line":290,"column":9},"skip":true},"66":{"start":{"line":289,"column":12},"end":{"line":289,"column":18},"skip":true},"67":{"start":{"line":291,"column":8},"end":{"line":293,"column":54},"skip":true},"68":{"start":{"line":296,"column":8},"end":{"line":301,"column":37},"skip":true},"69":{"start":{"line":303,"column":8},"end":{"line":303,"column":82},"skip":true},"70":{"start":{"line":306,"column":8},"end":{"line":308,"column":9},"skip":true},"71":{"start":{"line":307,"column":12},"end":{"line":307,"column":82},"skip":true},"72":{"start":{"line":310,"column":8},"end":{"line":312,"column":9},"skip":true},"73":{"start":{"line":311,"column":12},"end":{"line":311,"column":18},"skip":true},"74":{"start":{"line":313,"column":8},"end":{"line":313,"column":54},"skip":true},"75":{"start":{"line":314,"column":8},"end":{"line":314,"column":69},"skip":true},"76":{"start":{"line":315,"column":8},"end":{"line":323,"column":36},"skip":true},"77":{"start":{"line":316,"column":12},"end":{"line":316,"column":61},"skip":true},"78":{"start":{"line":317,"column":12},"end":{"line":320,"column":13},"skip":true},"79":{"start":{"line":318,"column":16},"end":{"line":318,"column":75},"skip":true},"80":{"start":{"line":319,"column":16},"end":{"line":319,"column":23},"skip":true},"81":{"start":{"line":321,"column":12},"end":{"line":321,"column":38},"skip":true},"82":{"start":{"line":322,"column":12},"end":{"line":322,"column":27},"skip":true},"83":{"start":{"line":324,"column":8},"end":{"line":324,"column":14},"skip":true}},"branchMap":{"1":{"line":39,"type":"binary-expr","locations":[{"start":{"line":39,"column":23},"end":{"line":39,"column":62}},{"start":{"line":40,"column":20},"end":{"line":40,"column":70}},{"start":{"line":41,"column":20},"end":{"line":41,"column":71}},{"start":{"line":42,"column":20},"end":{"line":42,"column":29}}]},"2":{"line":44,"type":"binary-expr","locations":[{"start":{"line":44,"column":23},"end":{"line":44,"column":37}},{"start":{"line":45,"column":20},"end":{"line":45,"column":61}},{"start":{"line":46,"column":20},"end":{"line":46,"column":70}},{"start":{"line":47,"column":20},"end":{"line":47,"column":26}}]},"3":{"line":51,"type":"cond-expr","locations":[{"start":{"line":52,"column":14},"end":{"line":52,"column":20}},{"start":{"line":53,"column":14},"end":{"line":53,"column":20}}]},"4":{"line":55,"type":"binary-expr","locations":[{"start":{"line":55,"column":16},"end":{"line":55,"column":44}},{"start":{"line":55,"column":49},"end":{"line":57,"column":43}}]},"5":{"line":55,"type":"cond-expr","locations":[{"start":{"line":56,"column":14},"end":{"line":56,"column":65}},{"start":{"line":57,"column":14},"end":{"line":57,"column":43}}]},"6":{"line":61,"type":"switch","locations":[{"start":{"line":68,"column":4},"end":{"line":150,"column":14},"skip":true},{"start":{"line":156,"column":4},"end":{"line":324,"column":14},"skip":true}]},"7":{"line":70,"type":"if","locations":[{"start":{"line":70,"column":12},"end":{"line":70,"column":12},"skip":true},{"start":{"line":70,"column":12},"end":{"line":70,"column":12},"skip":true}]},"8":{"line":70,"type":"binary-expr","locations":[{"start":{"line":70,"column":16},"end":{"line":70,"column":22},"skip":true},{"start":{"line":70,"column":27},"end":{"line":70,"column":32},"skip":true},{"start":{"line":71,"column":20},"end":{"line":71,"column":39},"skip":true},{"start":{"line":72,"column":20},"end":{"line":72,"column":49},"skip":true},{"start":{"line":73,"column":20},"end":{"line":73,"column":58},"skip":true},{"start":{"line":74,"column":20},"end":{"line":74,"column":69},"skip":true}]},"9":{"line":79,"type":"switch","locations":[{"start":{"line":80,"column":20},"end":{"line":80,"column":33},"skip":true},{"start":{"line":81,"column":20},"end":{"line":83,"column":30},"skip":true},{"start":{"line":84,"column":20},"end":{"line":85,"column":49},"skip":true}]},"10":{"line":89,"type":"switch","locations":[{"start":{"line":90,"column":12},"end":{"line":103,"column":22},"skip":true},{"start":{"line":105,"column":12},"end":{"line":106,"column":22},"skip":true}]},"11":{"line":89,"type":"binary-expr","locations":[{"start":{"line":89,"column":20},"end":{"line":89,"column":25},"skip":true},{"start":{"line":89,"column":29},"end":{"line":89,"column":48},"skip":true},{"start":{"line":89,"column":52},"end":{"line":89,"column":74},"skip":true}]},"12":{"line":92,"type":"if","locations":[{"start":{"line":92,"column":16},"end":{"line":92,"column":16},"skip":true},{"start":{"line":92,"column":16},"end":{"line":92,"column":16},"skip":true}]},"13":{"line":108,"type":"if","locations":[{"start":{"line":108,"column":12},"end":{"line":108,"column":12},"skip":true},{"start":{"line":108,"column":12},"end":{"line":108,"column":12},"skip":true}]},"14":{"line":108,"type":"binary-expr","locations":[{"start":{"line":108,"column":16},"end":{"line":108,"column":61},"skip":true},{"start":{"line":108,"column":66},"end":{"line":108,"column":72},"skip":true},{"start":{"line":108,"column":77},"end":{"line":108,"column":82},"skip":true},{"start":{"line":109,"column":20},"end":{"line":109,"column":39},"skip":true},{"start":{"line":110,"column":20},"end":{"line":110,"column":49},"skip":true},{"start":{"line":111,"column":20},"end":{"line":111,"column":58},"skip":true},{"start":{"line":112,"column":20},"end":{"line":112,"column":68},"skip":true}]},"15":{"line":129,"type":"if","locations":[{"start":{"line":129,"column":16},"end":{"line":129,"column":16},"skip":true},{"start":{"line":129,"column":16},"end":{"line":129,"column":16},"skip":true}]},"16":{"line":134,"type":"cond-expr","locations":[{"start":{"line":135,"column":26},"end":{"line":135,"column":29},"skip":true},{"start":{"line":136,"column":26},"end":{"line":136,"column":54},"skip":true}]},"17":{"line":164,"type":"binary-expr","locations":[{"start":{"line":164,"column":27},"end":{"line":164,"column":43},"skip":true},{"start":{"line":164,"column":47},"end":{"line":164,"column":49},"skip":true}]},"18":{"line":258,"type":"if","locations":[{"start":{"line":258,"column":8},"end":{"line":258,"column":8},"skip":true},{"start":{"line":258,"column":8},"end":{"line":258,"column":8},"skip":true}]},"19":{"line":275,"type":"switch","locations":[{"start":{"line":276,"column":20},"end":{"line":277,"column":64},"skip":true},{"start":{"line":278,"column":20},"end":{"line":279,"column":40},"skip":true},{"start":{"line":280,"column":20},"end":{"line":281,"column":40},"skip":true},{"start":{"line":282,"column":20},"end":{"line":283,"column":39},"skip":true}]},"20":{"line":288,"type":"if","locations":[{"start":{"line":288,"column":8},"end":{"line":288,"column":8},"skip":true},{"start":{"line":288,"column":8},"end":{"line":288,"column":8},"skip":true}]},"21":{"line":288,"type":"binary-expr","locations":[{"start":{"line":288,"column":12},"end":{"line":288,"column":40},"skip":true},{"start":{"line":288,"column":44},"end":{"line":288,"column":67},"skip":true}]},"22":{"line":292,"type":"binary-expr","locations":[{"start":{"line":292,"column":12},"end":{"line":292,"column":50},"skip":true},{"start":{"line":293,"column":12},"end":{"line":293,"column":53},"skip":true}]},"23":{"line":297,"type":"binary-expr","locations":[{"start":{"line":297,"column":12},"end":{"line":297,"column":79},"skip":true},{"start":{"line":298,"column":12},"end":{"line":301,"column":36},"skip":true}]},"24":{"line":303,"type":"binary-expr","locations":[{"start":{"line":303,"column":43},"end":{"line":303,"column":75},"skip":true},{"start":{"line":303,"column":79},"end":{"line":303,"column":81},"skip":true}]},"25":{"line":306,"type":"if","locations":[{"start":{"line":306,"column":8},"end":{"line":306,"column":8},"skip":true},{"start":{"line":306,"column":8},"end":{"line":306,"column":8},"skip":true}]},"26":{"line":310,"type":"if","locations":[{"start":{"line":310,"column":8},"end":{"line":310,"column":8},"skip":true},{"start":{"line":310,"column":8},"end":{"line":310,"column":8},"skip":true}]},"27":{"line":313,"type":"binary-expr","locations":[{"start":{"line":313,"column":27},"end":{"line":313,"column":43},"skip":true},{"start":{"line":313,"column":47},"end":{"line":313,"column":53},"skip":true}]},"28":{"line":317,"type":"if","locations":[{"start":{"line":317,"column":12},"end":{"line":317,"column":12},"skip":true},{"start":{"line":317,"column":12},"end":{"line":317,"column":12},"skip":true}]}},"code":["/*","example.js","","quickstart example","","instruction","    1. save this script as example.js","    2. run the shell command:","        $ npm install npmtest-homebridge-harmonyhub && PORT=8081 node example.js","    3. play with the browser-demo on http://127.0.0.1:8081","*/","","","","/* istanbul instrument in package npmtest_homebridge_harmonyhub */","/*jslint","    bitwise: true,","    browser: true,","    maxerr: 8,","    maxlen: 96,","    node: true,","    nomen: true,","    regexp: true,","    stupid: true","*/","(function () {","    'use strict';","    var local;","","","","    // run shared js-env code - pre-init","    (function () {","        // init local","        local = {};","        // init modeJs","        local.modeJs = (function () {","            try {","                return typeof navigator.userAgent === 'string' &&","                    typeof document.querySelector('body') === 'object' &&","                    typeof XMLHttpRequest.prototype.open === 'function' &&","                    'browser';","            } catch (errorCaughtBrowser) {","                return module.exports &&","                    typeof process.versions.node === 'string' &&","                    typeof require('http').createServer === 'function' &&","                    'node';","            }","        }());","        // init global","        local.global = local.modeJs === 'browser'","            ? window","            : global;","        // init utility2_rollup","        local = local.global.utility2_rollup || (local.modeJs === 'browser'","            ? local.global.utility2_npmtest_homebridge_harmonyhub","            : global.utility2_moduleExports);","        // export local","        local.global.local = local;","    }());","    switch (local.modeJs) {","","","","    // post-init","    // run browser js-env code - post-init","    /* istanbul ignore next */","    case 'browser':","        local.testRunBrowser = function (event) {","            if (!event || (event &&","                    event.currentTarget &&","                    event.currentTarget.className &&","                    event.currentTarget.className.includes &&","                    event.currentTarget.className.includes('onreset'))) {","                // reset output","                Array.from(","                    document.querySelectorAll('body > .resettable')","                ).forEach(function (element) {","                    switch (element.tagName) {","                    case 'INPUT':","                    case 'TEXTAREA':","                        element.value = '';","                        break;","                    default:","                        element.textContent = '';","                    }","                });","            }","            switch (event && event.currentTarget && event.currentTarget.id) {","            case 'testRunButton1':","                // show tests","                if (document.querySelector('#testReportDiv1').style.display === 'none') {","                    document.querySelector('#testReportDiv1').style.display = 'block';","                    document.querySelector('#testRunButton1').textContent =","                        'hide internal test';","                    local.modeTest = true;","                    local.testRunDefault(local);","                // hide tests","                } else {","                    document.querySelector('#testReportDiv1').style.display = 'none';","                    document.querySelector('#testRunButton1').textContent = 'run internal test';","                }","                break;","            // custom-case","            default:","                break;","            }","            if (document.querySelector('#inputTextareaEval1') && (!event || (event &&","                    event.currentTarget &&","                    event.currentTarget.className &&","                    event.currentTarget.className.includes &&","                    event.currentTarget.className.includes('oneval')))) {","                // try to eval input-code","                try {","                    /*jslint evil: true*/","                    eval(document.querySelector('#inputTextareaEval1').value);","                } catch (errorCaught) {","                    console.error(errorCaught);","                }","            }","        };","        // log stderr and stdout to #outputTextareaStdout1","        ['error', 'log'].forEach(function (key) {","            console[key + '_original'] = console[key];","            console[key] = function () {","                var element;","                console[key + '_original'].apply(console, arguments);","                element = document.querySelector('#outputTextareaStdout1');","                if (!element) {","                    return;","                }","                // append text to #outputTextareaStdout1","                element.value += Array.from(arguments).map(function (arg) {","                    return typeof arg === 'string'","                        ? arg","                        : JSON.stringify(arg, null, 4);","                }).join(' ') + '\\n';","                // scroll textarea to bottom","                element.scrollTop = element.scrollHeight;","            };","        });","        // init event-handling","        ['change', 'click', 'keyup'].forEach(function (event) {","            Array.from(document.querySelectorAll('.on' + event)).forEach(function (element) {","                element.addEventListener(event, local.testRunBrowser);","            });","        });","        // run tests","        local.testRunBrowser();","        break;","","","","    // run node js-env code - post-init","    /* istanbul ignore next */","    case 'node':","        // export local","        module.exports = local;","        // require modules","        local.fs = require('fs');","        local.http = require('http');","        local.url = require('url');","        // init assets","        local.assetsDict = local.assetsDict || {};","        /* jslint-ignore-begin */","        local.assetsDict['/assets.index.template.html'] = '\\","<!doctype html>\\n\\","<html lang=\"en\">\\n\\","<head>\\n\\","<meta charset=\"UTF-8\">\\n\\","<meta name=\"viewport\" content=\"width=device-width, initial-scale=1\">\\n\\","<title>{{env.npm_package_name}} (v{{env.npm_package_version}})</title>\\n\\","<style>\\n\\","/*csslint\\n\\","    box-sizing: false,\\n\\","    universal-selector: false\\n\\","*/\\n\\","* {\\n\\","    box-sizing: border-box;\\n\\","}\\n\\","body {\\n\\","    background: #dde;\\n\\","    font-family: Arial, Helvetica, sans-serif;\\n\\","    margin: 2rem;\\n\\","}\\n\\","body > * {\\n\\","    margin-bottom: 1rem;\\n\\","}\\n\\",".utility2FooterDiv {\\n\\","    margin-top: 20px;\\n\\","    text-align: center;\\n\\","}\\n\\","</style>\\n\\","<style>\\n\\","/*csslint\\n\\","*/\\n\\","textarea {\\n\\","    font-family: monospace;\\n\\","    height: 10rem;\\n\\","    width: 100%;\\n\\","}\\n\\","textarea[readonly] {\\n\\","    background: #ddd;\\n\\","}\\n\\","</style>\\n\\","</head>\\n\\","<body>\\n\\","<!-- utility2-comment\\n\\","<div id=\"ajaxProgressDiv1\" style=\"background: #d00; height: 2px; left: 0; margin: 0; padding: 0; position: fixed; top: 0; transition: background 0.5s, width 1.5s; width: 25%;\"></div>\\n\\","utility2-comment -->\\n\\","<h1>\\n\\","<!-- utility2-comment\\n\\","    <a\\n\\","        {{#if env.npm_package_homepage}}\\n\\","        href=\"{{env.npm_package_homepage}}\"\\n\\","        {{/if env.npm_package_homepage}}\\n\\","        target=\"_blank\"\\n\\","    >\\n\\","utility2-comment -->\\n\\","        {{env.npm_package_name}} (v{{env.npm_package_version}})\\n\\","<!-- utility2-comment\\n\\","    </a>\\n\\","utility2-comment -->\\n\\","</h1>\\n\\","<h3>{{env.npm_package_description}}</h3>\\n\\","<!-- utility2-comment\\n\\","<h4><a download href=\"assets.app.js\">download standalone app</a></h4>\\n\\","<button class=\"onclick onreset\" id=\"testRunButton1\">run internal test</button><br>\\n\\","<div id=\"testReportDiv1\" style=\"display: none;\"></div>\\n\\","utility2-comment -->\\n\\","\\n\\","\\n\\","\\n\\","<label>stderr and stdout</label>\\n\\","<textarea class=\"resettable\" id=\"outputTextareaStdout1\" readonly></textarea>\\n\\","<!-- utility2-comment\\n\\","{{#if isRollup}}\\n\\","<script src=\"assets.app.js\"></script>\\n\\","{{#unless isRollup}}\\n\\","utility2-comment -->\\n\\","<script src=\"assets.utility2.rollup.js\"></script>\\n\\","<script src=\"jsonp.utility2._stateInit?callback=window.utility2._stateInit\"></script>\\n\\","<script src=\"assets.npmtest_homebridge_harmonyhub.rollup.js\"></script>\\n\\","<script src=\"assets.example.js\"></script>\\n\\","<script src=\"assets.test.js\"></script>\\n\\","<!-- utility2-comment\\n\\","{{/if isRollup}}\\n\\","utility2-comment -->\\n\\","<div class=\"utility2FooterDiv\">\\n\\","    [ this app was created with\\n\\","    <a href=\"https://github.com/kaizhu256/node-utility2\" target=\"_blank\">utility2</a>\\n\\","    ]\\n\\","</div>\\n\\","</body>\\n\\","</html>\\n\\","';","        /* jslint-ignore-end */","        if (local.templateRender) {","            local.assetsDict['/'] = local.templateRender(","                local.assetsDict['/assets.index.template.html'],","                {","                    env: local.objectSetDefault(local.env, {","                        npm_package_description: 'the greatest app in the world!',","                        npm_package_name: 'my-app',","                        npm_package_nameAlias: 'my_app',","                        npm_package_version: '0.0.1'","                    })","                }","            );","        } else {","            local.assetsDict['/'] = local.assetsDict['/assets.index.template.html']","                .replace((/\\{\\{env\\.(\\w+?)\\}\\}/g), function (match0, match1) {","                    // jslint-hack","                    String(match0);","                    switch (match1) {","                    case 'npm_package_description':","                        return 'the greatest app in the world!';","                    case 'npm_package_name':","                        return 'my-app';","                    case 'npm_package_nameAlias':","                        return 'my_app';","                    case 'npm_package_version':","                        return '0.0.1';","                    }","                });","        }","        // run the cli","        if (local.global.utility2_rollup || module !== require.main) {","            break;","        }","        local.assetsDict['/assets.example.js'] =","            local.assetsDict['/assets.example.js'] ||","            local.fs.readFileSync(__filename, 'utf8');","        // bug-workaround - long $npm_package_buildCustomOrg","        /* jslint-ignore-begin */","        local.assetsDict['/assets.npmtest_homebridge_harmonyhub.rollup.js'] =","            local.assetsDict['/assets.npmtest_homebridge_harmonyhub.rollup.js'] ||","            local.fs.readFileSync(","                local.npmtest_homebridge_harmonyhub.__dirname + '/lib.npmtest_homebridge_harmonyhub.js',","                'utf8'","            ).replace((/^#!/), '//');","        /* jslint-ignore-end */","        local.assetsDict['/favicon.ico'] = local.assetsDict['/favicon.ico'] || '';","        // if $npm_config_timeout_exit exists,","        // then exit this process after $npm_config_timeout_exit ms","        if (Number(process.env.npm_config_timeout_exit)) {","            setTimeout(process.exit, Number(process.env.npm_config_timeout_exit));","        }","        // start server","        if (local.global.utility2_serverHttp1) {","            break;","        }","        process.env.PORT = process.env.PORT || '8081';","        console.error('server starting on port ' + process.env.PORT);","        local.http.createServer(function (request, response) {","            request.urlParsed = local.url.parse(request.url);","            if (local.assetsDict[request.urlParsed.pathname] !== undefined) {","                response.end(local.assetsDict[request.urlParsed.pathname]);","                return;","            }","            response.statusCode = 404;","            response.end();","        }).listen(process.env.PORT);","        break;","    }","}());",""],"l":{"26":2,"28":2,"33":2,"35":2,"37":2,"38":2,"39":2,"44":1,"51":2,"55":2,"59":2,"61":2,"69":1,"70":2,"76":2,"79":2,"82":2,"83":2,"85":1,"89":2,"92":1,"93":1,"94":1,"96":1,"97":1,"100":1,"101":1,"103":1,"106":1,"108":2,"114":1,"116":1,"118":1,"123":1,"124":2,"125":2,"126":3,"127":3,"128":3,"129":3,"130":1,"133":3,"134":3,"139":3,"143":1,"144":3,"145":1,"149":1,"150":1,"158":1,"160":1,"161":1,"162":1,"164":1,"166":1,"258":1,"259":1,"271":1,"274":6,"275":6,"277":1,"279":2,"281":1,"283":2,"288":1,"289":1,"291":1,"296":1,"303":1,"306":1,"307":1,"310":1,"311":1,"313":1,"314":1,"315":1,"316":1,"317":1,"318":1,"319":1,"321":1,"322":1,"324":1}},"/home/travis/build/npmtest/node-npmtest-homebridge-harmonyhub/node_modules/homebridge-harmonyhub/index.js":{"path":"/home/travis/build/npmtest/node-npmtest-homebridge-harmonyhub/node_modules/homebridge-harmonyhub/index.js","s":{"1":1,"2":1,"3":0,"4":0,"5":0,"6":0,"7":0,"8":0,"9":0,"10":0,"11":0,"12":0,"13":0},"b":{},"f":{"1":0},"fnMap":{"1":{"name":"(anonymous_1)","line":3,"loc":{"start":{"line":3,"column":17},"end":{"line":3,"column":39}}}},"statementMap":{"1":{"start":{"line":1,"column":0},"end":{"line":1,"column":45}},"2":{"start":{"line":3,"column":0},"end":{"line":22,"column":2}},"3":{"start":{"line":4,"column":1},"end":{"line":4,"column":34}},"4":{"start":{"line":5,"column":1},"end":{"line":5,"column":48}},"5":{"start":{"line":6,"column":1},"end":{"line":6,"column":38}},"6":{"start":{"line":7,"column":1},"end":{"line":7,"column":28}},"7":{"start":{"line":8,"column":1},"end":{"line":14,"column":3}},"8":{"start":{"line":15,"column":1},"end":{"line":15,"column":78}},"9":{"start":{"line":16,"column":1},"end":{"line":16,"column":85}},"10":{"start":{"line":17,"column":1},"end":{"line":17,"column":86}},"11":{"start":{"line":18,"column":1},"end":{"line":18,"column":57}},"12":{"start":{"line":19,"column":1},"end":{"line":19,"column":76}},"13":{"start":{"line":21,"column":1},"end":{"line":21,"column":102}}},"branchMap":{},"code":["var Service, Characteristic, Accessory, uuid;","","module.exports = function (homebridge) {","\tService = homebridge.hap.Service;","\tCharacteristic = homebridge.hap.Characteristic;","\tAccessory = homebridge.hap.Accessory;","\tuuid = homebridge.hap.uuid;","\tvar exportedTypes = {","\t\tService: homebridge.hap.Service,","\t\tCharacteristic: homebridge.hap.Characteristic,","\t\tAccessory: homebridge.hap.Accessory,","\t\tPlatformAccessory: homebridge.platformAccessory,","\t\tuuid: homebridge.hap.uuid","\t};","\texportedTypes.AccessoryBase = require('./lib/accessory-base')(exportedTypes);","\texportedTypes.HubAccessoryBase = require('./lib/hub-accessory-base')(exportedTypes);","\texportedTypes.ActivityAccessory = require('./lib/activity-accessory')(exportedTypes);","\texportedTypes.Hub = require('./lib/hub')(exportedTypes);","\texportedTypes.HomePlatform = require('./lib/home-platform')(exportedTypes);","","\thomebridge.registerPlatform(\"homebridge-harmonyhub\", \"HarmonyHub\", exportedTypes.HomePlatform, true);","};",""],"l":{"1":1,"3":1,"4":0,"5":0,"6":0,"7":0,"8":0,"15":0,"16":0,"17":0,"18":0,"19":0,"21":0}},"/home/travis/build/npmtest/node-npmtest-homebridge-harmonyhub/node_modules/homebridge-harmonyhub/lib/accessory-base.js":{"path":"/home/travis/build/npmtest/node-npmtest-homebridge-harmonyhub/node_modules/homebridge-harmonyhub/lib/accessory-base.js","s":{"1":1,"2":1,"3":1,"4":0,"5":0,"6":0,"7":0,"8":0,"9":0,"10":1,"11":1,"12":0,"13":0,"14":0,"15":0,"16":0,"17":0,"18":0,"19":0,"20":0,"21":0,"22":1,"23":0},"b":{"1":[0,0],"2":[0,0],"3":[0,0],"4":[0,0],"5":[0,0]},"f":{"1":0,"2":0,"3":0},"fnMap":{"1":{"name":"(anonymous_1)","line":10,"loc":{"start":{"line":10,"column":17},"end":{"line":10,"column":41}}},"2":{"name":"AccessoryBase","line":21,"loc":{"start":{"line":21,"column":0},"end":{"line":21,"column":52}}},"3":{"name":"(anonymous_3)","line":38,"loc":{"start":{"line":38,"column":18},"end":{"line":38,"column":28}}}},"statementMap":{"1":{"start":{"line":6,"column":0},"end":{"line":6,"column":35}},"2":{"start":{"line":8,"column":0},"end":{"line":8,"column":45}},"3":{"start":{"line":10,"column":0},"end":{"line":18,"column":2}},"4":{"start":{"line":11,"column":1},"end":{"line":16,"column":2}},"5":{"start":{"line":12,"column":2},"end":{"line":12,"column":73}},"6":{"start":{"line":13,"column":2},"end":{"line":13,"column":34}},"7":{"start":{"line":14,"column":2},"end":{"line":14,"column":48}},"8":{"start":{"line":15,"column":2},"end":{"line":15,"column":28}},"9":{"start":{"line":17,"column":1},"end":{"line":17,"column":22}},"10":{"start":{"line":19,"column":0},"end":{"line":19,"column":45}},"11":{"start":{"line":21,"column":0},"end":{"line":36,"column":1}},"12":{"start":{"line":22,"column":1},"end":{"line":22,"column":16}},"13":{"start":{"line":24,"column":1},"end":{"line":30,"column":2}},"14":{"start":{"line":25,"column":2},"end":{"line":25,"column":32}},"15":{"start":{"line":26,"column":2},"end":{"line":26,"column":38}},"16":{"start":{"line":27,"column":2},"end":{"line":27,"column":24}},"17":{"start":{"line":28,"column":2},"end":{"line":28,"column":27}},"18":{"start":{"line":29,"column":2},"end":{"line":29,"column":82}},"19":{"start":{"line":29,"column":30},"end":{"line":29,"column":82}},"20":{"start":{"line":31,"column":1},"end":{"line":31,"column":28}},"21":{"start":{"line":33,"column":1},"end":{"line":35,"column":54}},"22":{"start":{"line":38,"column":0},"end":{"line":40,"column":2}},"23":{"start":{"line":39,"column":1},"end":{"line":39,"column":22}}},"branchMap":{"1":{"line":11,"type":"if","locations":[{"start":{"line":11,"column":1},"end":{"line":11,"column":1}},{"start":{"line":11,"column":1},"end":{"line":11,"column":1}}]},"2":{"line":11,"type":"binary-expr","locations":[{"start":{"line":11,"column":5},"end":{"line":11,"column":18}},{"start":{"line":11,"column":22},"end":{"line":11,"column":32}}]},"3":{"line":12,"type":"binary-expr","locations":[{"start":{"line":12,"column":14},"end":{"line":12,"column":45}},{"start":{"line":12,"column":49},"end":{"line":12,"column":72}}]},"4":{"line":24,"type":"if","locations":[{"start":{"line":24,"column":1},"end":{"line":24,"column":1}},{"start":{"line":24,"column":1},"end":{"line":24,"column":1}}]},"5":{"line":29,"type":"if","locations":[{"start":{"line":29,"column":2},"end":{"line":29,"column":2}},{"start":{"line":29,"column":2},"end":{"line":29,"column":2}}]}},"code":["/**"," * Base class for all accessories in this plugin"," * Created by kraig on 3/20/16."," */","","var inherit = require('./inherit');","","var Accessory, Service, Characteristic, uuid;","","module.exports = function(exportedTypes) {","\tif (exportedTypes && !Accessory) {","\t\tAccessory = exportedTypes.PlatformAccessory || exportedTypes.Accessory;","\t\tService = exportedTypes.Service;","\t\tCharacteristic = exportedTypes.Characteristic;","\t\tuuid = exportedTypes.uuid;","\t}","\treturn AccessoryBase;","};","module.exports.AccessoryBase = AccessoryBase;","","function AccessoryBase(accessory, idKey, name, log) {","\tthis.log = log;","","\tif (!accessory) {","\t\tvar id = uuid.generate(idKey);","\t\taccessory = new Accessory(name, id);","\t\taccessory.name = name;","\t\taccessory.uuid_base = id;","\t\tif (!accessory.getServices) accessory.getServices = getServices.bind(accessory);","\t}","\tthis.accessory = accessory;","","\tthis.accessory.getService(Service.AccessoryInformation)","\t\t.setCharacteristic(Characteristic.Manufacturer, \"Logitech\")","\t\t.setCharacteristic(Characteristic.Model, \"Harmony\");","}","","var getServices = function(){","\treturn this.services;","};",""],"l":{"6":1,"8":1,"10":1,"11":0,"12":0,"13":0,"14":0,"15":0,"17":0,"19":1,"21":1,"22":0,"24":0,"25":0,"26":0,"27":0,"28":0,"29":0,"31":0,"33":0,"38":1,"39":0}},"/home/travis/build/npmtest/node-npmtest-homebridge-harmonyhub/node_modules/homebridge-harmonyhub/lib/inherit.js":{"path":"/home/travis/build/npmtest/node-npmtest-homebridge-harmonyhub/node_modules/homebridge-harmonyhub/lib/inherit.js","s":{"1":1,"2":1,"3":1,"4":0,"5":0,"6":0,"7":0,"8":0,"9":0,"10":1,"11":0,"12":0,"13":0,"14":0,"15":1,"16":0,"17":0,"18":0,"19":0,"20":0,"21":0},"b":{"1":[0,0],"2":[0,0],"3":[0,0],"4":[0,0],"5":[0,0],"6":[0,0]},"f":{"1":0,"2":0,"3":0},"fnMap":{"1":{"name":"(anonymous_1)","line":9,"loc":{"start":{"line":9,"column":35},"end":{"line":9,"column":75}}},"2":{"name":"(anonymous_2)","line":18,"loc":{"start":{"line":18,"column":45},"end":{"line":18,"column":72}}},"3":{"name":"(anonymous_3)","line":25,"loc":{"start":{"line":25,"column":30},"end":{"line":25,"column":52}}}},"statementMap":{"1":{"start":{"line":5,"column":0},"end":{"line":5,"column":27}},"2":{"start":{"line":7,"column":0},"end":{"line":7,"column":21}},"3":{"start":{"line":9,"column":0},"end":{"line":16,"column":2}},"4":{"start":{"line":10,"column":1},"end":{"line":10,"column":55}},"5":{"start":{"line":11,"column":1},"end":{"line":11,"column":36}},"6":{"start":{"line":12,"column":1},"end":{"line":15,"column":2}},"7":{"start":{"line":13,"column":2},"end":{"line":13,"column":50}},"8":{"start":{"line":13,"column":43},"end":{"line":13,"column":50}},"9":{"start":{"line":14,"column":2},"end":{"line":14,"column":29}},"10":{"start":{"line":18,"column":0},"end":{"line":23,"column":2}},"11":{"start":{"line":19,"column":1},"end":{"line":19,"column":28}},"12":{"start":{"line":20,"column":1},"end":{"line":20,"column":33}},"13":{"start":{"line":21,"column":1},"end":{"line":21,"column":46}},"14":{"start":{"line":22,"column":1},"end":{"line":22,"column":26}},"15":{"start":{"line":25,"column":0},"end":{"line":34,"column":2}},"16":{"start":{"line":26,"column":1},"end":{"line":28,"column":2}},"17":{"start":{"line":27,"column":2},"end":{"line":27,"column":14}},"18":{"start":{"line":29,"column":1},"end":{"line":31,"column":2}},"19":{"start":{"line":30,"column":2},"end":{"line":30,"column":55}},"20":{"start":{"line":32,"column":1},"end":{"line":32,"column":27}},"21":{"start":{"line":33,"column":1},"end":{"line":33,"column":13}}},"branchMap":{"1":{"line":10,"type":"binary-expr","locations":[{"start":{"line":10,"column":20},"end":{"line":10,"column":40}},{"start":{"line":10,"column":44},"end":{"line":10,"column":54}}]},"2":{"line":11,"type":"binary-expr","locations":[{"start":{"line":11,"column":11},"end":{"line":11,"column":26}},{"start":{"line":11,"column":30},"end":{"line":11,"column":35}}]},"3":{"line":13,"type":"if","locations":[{"start":{"line":13,"column":2},"end":{"line":13,"column":2}},{"start":{"line":13,"column":2},"end":{"line":13,"column":2}}]},"4":{"line":13,"type":"binary-expr","locations":[{"start":{"line":13,"column":6},"end":{"line":13,"column":17}},{"start":{"line":13,"column":21},"end":{"line":13,"column":41}}]},"5":{"line":26,"type":"if","locations":[{"start":{"line":26,"column":1},"end":{"line":26,"column":1}},{"start":{"line":26,"column":1},"end":{"line":26,"column":1}}]},"6":{"line":29,"type":"if","locations":[{"start":{"line":29,"column":1},"end":{"line":29,"column":1}},{"start":{"line":29,"column":1},"end":{"line":29,"column":1}}]}},"code":["/**"," * Created by kraig on 3/20/16."," */","","var util = require('util');","","module.exports = { };","","var mixin = module.exports.mixin = function(Class, MixinClass, doOverride) {","\tvar mixinMethods = MixinClass.prototype || MixinClass;","\tvar cls = Class.prototype || Class;","\tfor (var mn in mixinMethods) {","\t\tif (!doOverride && cls[mn] != undefined) return;","\t\tcls[mn] = mixinMethods[mn];","\t}","};","","var changeBase = module.exports.changeBase = function(Class, BaseClass) {","\tvar orig = Class.prototype;","\tutil.inherits(Class, BaseClass);","\tClass.prototype.parent = BaseClass.prototype;","\tmixin(Class, orig, true);","};","","module.exports.fromInstance = function(inst, Class) {","\tif (inst == null) {","\t\treturn null;","\t}","\tif (!(inst instanceof Class)) {","\t\tthrow new Error(\"Incorrect type. Expected \" + Class);","\t}","\tmixin(inst, Class, false);","\treturn inst;","};",""],"l":{"5":1,"7":1,"9":1,"10":0,"11":0,"12":0,"13":0,"14":0,"18":1,"19":0,"20":0,"21":0,"22":0,"25":1,"26":0,"27":0,"29":0,"30":0,"32":0,"33":0}},"/home/travis/build/npmtest/node-npmtest-homebridge-harmonyhub/node_modules/homebridge-harmonyhub/lib/activity-accessory.js":{"path":"/home/travis/build/npmtest/node-npmtest-homebridge-harmonyhub/node_modules/homebridge-harmonyhub/lib/activity-accessory.js","s":{"1":1,"2":1,"3":1,"4":1,"5":1,"6":1,"7":1,"8":1,"9":1,"10":1,"11":0,"12":0,"13":0,"14":0,"15":0,"16":0,"17":1,"18":1,"19":1,"20":1,"21":0,"22":0,"23":0,"24":1,"25":1,"26":1,"27":0,"28":0,"29":1,"30":0,"31":0,"32":0,"33":0,"34":0,"35":0,"36":0,"37":0,"38":0,"39":0,"40":0,"41":0,"42":0,"43":1,"44":0,"45":0,"46":0,"47":0,"48":0,"49":0,"50":0,"51":0,"52":0,"53":0,"54":0,"55":1,"56":0,"57":0,"58":1,"59":0,"60":0,"61":0,"62":1,"63":0,"64":0,"65":0,"66":0,"67":0,"68":0,"69":0,"70":0,"71":0,"72":0,"73":0,"74":0,"75":0,"76":0,"77":0,"78":0,"79":1,"80":0,"81":0,"82":0,"83":0,"84":0,"85":0,"86":1,"87":0,"88":0,"89":0,"90":0,"91":0,"92":1,"93":0,"94":0,"95":0,"96":0,"97":0,"98":0,"99":0,"100":0,"101":0,"102":0,"103":0,"104":1,"105":0,"106":1,"107":0,"108":0,"109":0,"110":0,"111":0,"112":1,"113":0,"114":0,"115":0,"116":0,"117":0,"118":0,"119":0,"120":0,"121":0,"122":0,"123":0,"124":0,"125":0,"126":0,"127":0,"128":0,"129":0,"130":0,"131":0,"132":0,"133":0,"134":0,"135":0,"136":0,"137":1,"138":0,"139":0,"140":1,"141":0,"142":1,"143":0,"144":1,"145":0,"146":0,"147":1,"148":0,"149":1,"150":0,"151":0,"152":1,"153":0,"154":0,"155":0,"156":1,"157":1,"158":0,"159":1,"160":0,"161":1,"162":0,"163":0},"b":{"1":[0,0],"2":[0,0],"3":[0,0],"4":[0,0],"5":[0,0],"6":[0,0],"7":[0,0],"8":[0,0],"9":[0,0],"10":[0,0],"11":[0,0],"12":[0,0],"13":[0,0],"14":[0,0],"15":[0,0],"16":[0,0],"17":[0,0],"18":[0,0],"19":[0,0],"20":[0,0],"21":[0,0],"22":[0,0,0],"23":[0,0],"24":[0,0],"25":[0,0],"26":[0,0],"27":[0,0],"28":[0,0]},"f":{"1":0,"2":0,"3":0,"4":0,"5":0,"6":0,"7":0,"8":0,"9":0,"10":0,"11":0,"12":0,"13":0,"14":0,"15":0,"16":0,"17":0,"18":0,"19":0,"20":0,"21":0,"22":0,"23":0,"24":0,"25":0,"26":0,"27":0,"28":0,"29":0,"30":0,"31":0,"32":0,"33":0,"34":0,"35":0,"36":0,"37":0,"38":0,"39":0,"40":0},"fnMap":{"1":{"name":"(anonymous_1)","line":16,"loc":{"start":{"line":16,"column":17},"end":{"line":16,"column":41}}},"2":{"name":"ActivityAccessory","line":35,"loc":{"start":{"line":35,"column":0},"end":{"line":35,"column":55}}},"3":{"name":"(anonymous_3)","line":44,"loc":{"start":{"line":44,"column":32},"end":{"line":44,"column":69}}},"4":{"name":"(anonymous_4)","line":50,"loc":{"start":{"line":50,"column":40},"end":{"line":50,"column":51}}},"5":{"name":"(anonymous_5)","line":56,"loc":{"start":{"line":56,"column":31},"end":{"line":56,"column":47}}},"6":{"name":"(anonymous_6)","line":59,"loc":{"start":{"line":59,"column":31},"end":{"line":59,"column":47}}},"7":{"name":"(anonymous_7)","line":64,"loc":{"start":{"line":64,"column":10},"end":{"line":64,"column":49}}},"8":{"name":"(anonymous_8)","line":65,"loc":{"start":{"line":65,"column":52},"end":{"line":65,"column":65}}},"9":{"name":"(anonymous_9)","line":71,"loc":{"start":{"line":71,"column":9},"end":{"line":71,"column":24}}},"10":{"name":"(anonymous_10)","line":77,"loc":{"start":{"line":77,"column":47},"end":{"line":77,"column":58}}},"11":{"name":"(anonymous_11)","line":94,"loc":{"start":{"line":94,"column":26},"end":{"line":94,"column":47}}},"12":{"name":"(anonymous_12)","line":100,"loc":{"start":{"line":100,"column":21},"end":{"line":100,"column":36}}},"13":{"name":"(anonymous_13)","line":106,"loc":{"start":{"line":106,"column":48},"end":{"line":106,"column":63}}},"14":{"name":"(anonymous_14)","line":112,"loc":{"start":{"line":112,"column":73},"end":{"line":112,"column":102}}},"15":{"name":"(anonymous_15)","line":115,"loc":{"start":{"line":115,"column":37},"end":{"line":115,"column":56}}},"16":{"name":"(anonymous_16)","line":120,"loc":{"start":{"line":120,"column":23},"end":{"line":120,"column":42}}},"17":{"name":"(anonymous_17)","line":128,"loc":{"start":{"line":128,"column":51},"end":{"line":128,"column":78}}},"18":{"name":"(anonymous_18)","line":131,"loc":{"start":{"line":131,"column":40},"end":{"line":131,"column":57}}},"19":{"name":"(anonymous_19)","line":137,"loc":{"start":{"line":137,"column":51},"end":{"line":137,"column":62}}},"20":{"name":"(anonymous_20)","line":139,"loc":{"start":{"line":139,"column":36},"end":{"line":139,"column":52}}},"21":{"name":"(anonymous_21)","line":143,"loc":{"start":{"line":143,"column":8},"end":{"line":143,"column":23}}},"22":{"name":"(anonymous_22)","line":149,"loc":{"start":{"line":149,"column":50},"end":{"line":149,"column":69}}},"23":{"name":"(anonymous_23)","line":154,"loc":{"start":{"line":154,"column":51},"end":{"line":154,"column":69}}},"24":{"name":"(anonymous_24)","line":164,"loc":{"start":{"line":164,"column":51},"end":{"line":164,"column":62}}},"25":{"name":"(anonymous_25)","line":168,"loc":{"start":{"line":168,"column":43},"end":{"line":168,"column":61}}},"26":{"name":"(anonymous_26)","line":176,"loc":{"start":{"line":176,"column":52},"end":{"line":176,"column":96}}},"27":{"name":"(anonymous_27)","line":184,"loc":{"start":{"line":184,"column":14},"end":{"line":184,"column":25}}},"28":{"name":"(anonymous_28)","line":190,"loc":{"start":{"line":190,"column":16},"end":{"line":190,"column":31}}},"29":{"name":"(anonymous_29)","line":196,"loc":{"start":{"line":196,"column":15},"end":{"line":196,"column":32}}},"30":{"name":"(anonymous_30)","line":205,"loc":{"start":{"line":205,"column":11},"end":{"line":205,"column":21}}},"31":{"name":"(anonymous_31)","line":215,"loc":{"start":{"line":215,"column":22},"end":{"line":215,"column":41}}},"32":{"name":"(anonymous_32)","line":220,"loc":{"start":{"line":220,"column":29},"end":{"line":220,"column":46}}},"33":{"name":"(anonymous_33)","line":226,"loc":{"start":{"line":226,"column":43},"end":{"line":226,"column":62}}},"34":{"name":"(anonymous_34)","line":229,"loc":{"start":{"line":229,"column":31},"end":{"line":229,"column":59}}},"35":{"name":"(anonymous_35)","line":235,"loc":{"start":{"line":235,"column":44},"end":{"line":235,"column":63}}},"36":{"name":"(anonymous_36)","line":238,"loc":{"start":{"line":238,"column":32},"end":{"line":238,"column":60}}},"37":{"name":"(anonymous_37)","line":244,"loc":{"start":{"line":244,"column":27},"end":{"line":244,"column":45}}},"38":{"name":"(anonymous_38)","line":252,"loc":{"start":{"line":252,"column":21},"end":{"line":252,"column":40}}},"39":{"name":"(anonymous_39)","line":256,"loc":{"start":{"line":256,"column":20},"end":{"line":256,"column":39}}},"40":{"name":"(anonymous_40)","line":260,"loc":{"start":{"line":260,"column":28},"end":{"line":260,"column":47}}}},"statementMap":{"1":{"start":{"line":5,"column":0},"end":{"line":5,"column":27}},"2":{"start":{"line":6,"column":0},"end":{"line":6,"column":35}},"3":{"start":{"line":7,"column":0},"end":{"line":7,"column":34}},"4":{"start":{"line":8,"column":0},"end":{"line":8,"column":29}},"5":{"start":{"line":9,"column":0},"end":{"line":9,"column":72}},"6":{"start":{"line":10,"column":0},"end":{"line":10,"column":48}},"7":{"start":{"line":11,"column":0},"end":{"line":11,"column":57}},"8":{"start":{"line":12,"column":0},"end":{"line":12,"column":26}},"9":{"start":{"line":14,"column":0},"end":{"line":14,"column":28}},"10":{"start":{"line":16,"column":0},"end":{"line":24,"column":2}},"11":{"start":{"line":17,"column":1},"end":{"line":22,"column":2}},"12":{"start":{"line":18,"column":2},"end":{"line":18,"column":34}},"13":{"start":{"line":19,"column":2},"end":{"line":19,"column":48}},"14":{"start":{"line":20,"column":2},"end":{"line":20,"column":54}},"15":{"start":{"line":21,"column":2},"end":{"line":21,"column":45}},"16":{"start":{"line":23,"column":1},"end":{"line":23,"column":26}},"17":{"start":{"line":25,"column":0},"end":{"line":25,"column":53}},"18":{"start":{"line":27,"column":0},"end":{"line":32,"column":2}},"19":{"start":{"line":33,"column":0},"end":{"line":33,"column":47}},"20":{"start":{"line":35,"column":0},"end":{"line":39,"column":1}},"21":{"start":{"line":36,"column":1},"end":{"line":36,"column":60}},"22":{"start":{"line":37,"column":1},"end":{"line":37,"column":50}},"23":{"start":{"line":38,"column":1},"end":{"line":38,"column":90}},"24":{"start":{"line":40,"column":0},"end":{"line":40,"column":51}},"25":{"start":{"line":42,"column":0},"end":{"line":42,"column":39}},"26":{"start":{"line":44,"column":0},"end":{"line":48,"column":2}},"27":{"start":{"line":45,"column":1},"end":{"line":45,"column":61}},"28":{"start":{"line":46,"column":1},"end":{"line":47,"column":15}},"29":{"start":{"line":50,"column":0},"end":{"line":75,"column":2}},"30":{"start":{"line":51,"column":1},"end":{"line":51,"column":48}},"31":{"start":{"line":51,"column":23},"end":{"line":51,"column":48}},"32":{"start":{"line":53,"column":1},"end":{"line":53,"column":53}},"33":{"start":{"line":54,"column":1},"end":{"line":54,"column":17}},"34":{"start":{"line":55,"column":1},"end":{"line":74,"column":5}},"35":{"start":{"line":57,"column":4},"end":{"line":57,"column":34}},"36":{"start":{"line":60,"column":4},"end":{"line":60,"column":39}},"37":{"start":{"line":65,"column":3},"end":{"line":67,"column":19}},"38":{"start":{"line":66,"column":5},"end":{"line":66,"column":27}},"39":{"start":{"line":68,"column":3},"end":{"line":68,"column":38}},"40":{"start":{"line":69,"column":3},"end":{"line":69,"column":46}},"41":{"start":{"line":72,"column":3},"end":{"line":72,"column":62}},"42":{"start":{"line":73,"column":3},"end":{"line":73,"column":13}},"43":{"start":{"line":77,"column":0},"end":{"line":92,"column":2}},"44":{"start":{"line":78,"column":1},"end":{"line":78,"column":31}},"45":{"start":{"line":79,"column":1},"end":{"line":79,"column":78}},"46":{"start":{"line":80,"column":1},"end":{"line":80,"column":31}},"47":{"start":{"line":81,"column":1},"end":{"line":90,"column":2}},"48":{"start":{"line":82,"column":2},"end":{"line":85,"column":3}},"49":{"start":{"line":83,"column":3},"end":{"line":83,"column":93}},"50":{"start":{"line":84,"column":3},"end":{"line":84,"column":82}},"51":{"start":{"line":86,"column":2},"end":{"line":89,"column":3}},"52":{"start":{"line":87,"column":3},"end":{"line":87,"column":90}},"53":{"start":{"line":88,"column":3},"end":{"line":88,"column":79}},"54":{"start":{"line":91,"column":1},"end":{"line":91,"column":12}},"55":{"start":{"line":94,"column":0},"end":{"line":99,"column":2}},"56":{"start":{"line":95,"column":1},"end":{"line":98,"column":2}},"57":{"start":{"line":97,"column":2},"end":{"line":97,"column":30}},"58":{"start":{"line":100,"column":0},"end":{"line":104,"column":2}},"59":{"start":{"line":101,"column":1},"end":{"line":101,"column":36}},"60":{"start":{"line":102,"column":1},"end":{"line":102,"column":56}},"61":{"start":{"line":103,"column":1},"end":{"line":103,"column":39}},"62":{"start":{"line":106,"column":0},"end":{"line":126,"column":2}},"63":{"start":{"line":107,"column":1},"end":{"line":107,"column":17}},"64":{"start":{"line":108,"column":1},"end":{"line":108,"column":64}},"65":{"start":{"line":109,"column":1},"end":{"line":109,"column":56}},"66":{"start":{"line":110,"column":1},"end":{"line":110,"column":46}},"67":{"start":{"line":111,"column":1},"end":{"line":119,"column":2}},"68":{"start":{"line":112,"column":2},"end":{"line":114,"column":5}},"69":{"start":{"line":113,"column":3},"end":{"line":113,"column":55}},"70":{"start":{"line":115,"column":2},"end":{"line":117,"column":5}},"71":{"start":{"line":116,"column":3},"end":{"line":116,"column":41}},"72":{"start":{"line":118,"column":2},"end":{"line":118,"column":54}},"73":{"start":{"line":120,"column":1},"end":{"line":124,"column":4}},"74":{"start":{"line":121,"column":2},"end":{"line":121,"column":51}},"75":{"start":{"line":122,"column":2},"end":{"line":122,"column":30}},"76":{"start":{"line":122,"column":23},"end":{"line":122,"column":30}},"77":{"start":{"line":123,"column":2},"end":{"line":123,"column":46}},"78":{"start":{"line":125,"column":1},"end":{"line":125,"column":29}},"79":{"start":{"line":128,"column":0},"end":{"line":135,"column":2}},"80":{"start":{"line":129,"column":1},"end":{"line":130,"column":46}},"81":{"start":{"line":129,"column":30},"end":{"line":129,"column":70}},"82":{"start":{"line":130,"column":6},"end":{"line":130,"column":46}},"83":{"start":{"line":131,"column":1},"end":{"line":134,"column":4}},"84":{"start":{"line":132,"column":2},"end":{"line":132,"column":61}},"85":{"start":{"line":133,"column":2},"end":{"line":133,"column":73}},"86":{"start":{"line":137,"column":0},"end":{"line":147,"column":2}},"87":{"start":{"line":138,"column":1},"end":{"line":138,"column":17}},"88":{"start":{"line":139,"column":1},"end":{"line":146,"column":4}},"89":{"start":{"line":140,"column":2},"end":{"line":140,"column":37}},"90":{"start":{"line":144,"column":2},"end":{"line":144,"column":61}},"91":{"start":{"line":145,"column":2},"end":{"line":145,"column":12}},"92":{"start":{"line":149,"column":0},"end":{"line":162,"column":2}},"93":{"start":{"line":150,"column":1},"end":{"line":150,"column":34}},"94":{"start":{"line":150,"column":22},"end":{"line":150,"column":34}},"95":{"start":{"line":152,"column":1},"end":{"line":152,"column":42}},"96":{"start":{"line":153,"column":1},"end":{"line":153,"column":37}},"97":{"start":{"line":153,"column":25},"end":{"line":153,"column":37}},"98":{"start":{"line":154,"column":1},"end":{"line":156,"column":4}},"99":{"start":{"line":155,"column":2},"end":{"line":155,"column":53}},"100":{"start":{"line":157,"column":1},"end":{"line":160,"column":2}},"101":{"start":{"line":158,"column":2},"end":{"line":158,"column":65}},"102":{"start":{"line":159,"column":2},"end":{"line":159,"column":29}},"103":{"start":{"line":161,"column":1},"end":{"line":161,"column":16}},"104":{"start":{"line":164,"column":0},"end":{"line":166,"column":2}},"105":{"start":{"line":165,"column":1},"end":{"line":165,"column":88}},"106":{"start":{"line":168,"column":0},"end":{"line":175,"column":2}},"107":{"start":{"line":169,"column":1},"end":{"line":169,"column":33}},"108":{"start":{"line":169,"column":26},"end":{"line":169,"column":33}},"109":{"start":{"line":171,"column":1},"end":{"line":171,"column":54}},"110":{"start":{"line":172,"column":1},"end":{"line":172,"column":61}},"111":{"start":{"line":174,"column":1},"end":{"line":174,"column":28}},"112":{"start":{"line":176,"column":0},"end":{"line":208,"column":2}},"113":{"start":{"line":177,"column":1},"end":{"line":180,"column":2}},"114":{"start":{"line":178,"column":2},"end":{"line":178,"column":13}},"115":{"start":{"line":179,"column":2},"end":{"line":179,"column":9}},"116":{"start":{"line":181,"column":1},"end":{"line":181,"column":17}},"117":{"start":{"line":182,"column":1},"end":{"line":182,"column":57}},"118":{"start":{"line":183,"column":1},"end":{"line":183,"column":54}},"119":{"start":{"line":184,"column":1},"end":{"line":189,"column":3}},"120":{"start":{"line":185,"column":2},"end":{"line":185,"column":20}},"121":{"start":{"line":186,"column":2},"end":{"line":186,"column":18}},"122":{"start":{"line":187,"column":2},"end":{"line":187,"column":39}},"123":{"start":{"line":188,"column":2},"end":{"line":188,"column":36}},"124":{"start":{"line":188,"column":10},"end":{"line":188,"column":36}},"125":{"start":{"line":190,"column":1},"end":{"line":194,"column":3}},"126":{"start":{"line":191,"column":2},"end":{"line":191,"column":36}},"127":{"start":{"line":191,"column":29},"end":{"line":191,"column":36}},"128":{"start":{"line":192,"column":2},"end":{"line":192,"column":51}},"129":{"start":{"line":193,"column":2},"end":{"line":193,"column":11}},"130":{"start":{"line":195,"column":1},"end":{"line":207,"column":5}},"131":{"start":{"line":197,"column":3},"end":{"line":197,"column":53}},"132":{"start":{"line":198,"column":3},"end":{"line":198,"column":37}},"133":{"start":{"line":200,"column":3},"end":{"line":200,"column":42}},"134":{"start":{"line":201,"column":3},"end":{"line":201,"column":54}},"135":{"start":{"line":202,"column":3},"end":{"line":202,"column":15}},"136":{"start":{"line":206,"column":3},"end":{"line":206,"column":52}},"137":{"start":{"line":215,"column":0},"end":{"line":218,"column":2}},"138":{"start":{"line":216,"column":1},"end":{"line":216,"column":68}},"139":{"start":{"line":217,"column":1},"end":{"line":217,"column":31}},"140":{"start":{"line":220,"column":0},"end":{"line":223,"column":2}},"141":{"start":{"line":221,"column":1},"end":{"line":222,"column":28}},"142":{"start":{"line":226,"column":0},"end":{"line":228,"column":2}},"143":{"start":{"line":227,"column":1},"end":{"line":227,"column":49}},"144":{"start":{"line":229,"column":0},"end":{"line":232,"column":2}},"145":{"start":{"line":230,"column":1},"end":{"line":230,"column":29}},"146":{"start":{"line":231,"column":1},"end":{"line":231,"column":64}},"147":{"start":{"line":235,"column":0},"end":{"line":237,"column":2}},"148":{"start":{"line":236,"column":1},"end":{"line":236,"column":50}},"149":{"start":{"line":238,"column":0},"end":{"line":241,"column":2}},"150":{"start":{"line":239,"column":1},"end":{"line":239,"column":42}},"151":{"start":{"line":240,"column":1},"end":{"line":240,"column":74}},"152":{"start":{"line":244,"column":0},"end":{"line":247,"column":2}},"153":{"start":{"line":245,"column":1},"end":{"line":245,"column":30}},"154":{"start":{"line":245,"column":15},"end":{"line":245,"column":30}},"155":{"start":{"line":246,"column":1},"end":{"line":246,"column":59}},"156":{"start":{"line":248,"column":0},"end":{"line":250,"column":3}},"157":{"start":{"line":252,"column":0},"end":{"line":254,"column":2}},"158":{"start":{"line":253,"column":1},"end":{"line":253,"column":48}},"159":{"start":{"line":256,"column":0},"end":{"line":258,"column":2}},"160":{"start":{"line":257,"column":1},"end":{"line":257,"column":58}},"161":{"start":{"line":260,"column":0},"end":{"line":263,"column":2}},"162":{"start":{"line":261,"column":1},"end":{"line":261,"column":42}},"163":{"start":{"line":262,"column":1},"end":{"line":262,"column":45}}},"branchMap":{"1":{"line":17,"type":"if","locations":[{"start":{"line":17,"column":1},"end":{"line":17,"column":1}},{"start":{"line":17,"column":1},"end":{"line":17,"column":1}}]},"2":{"line":17,"type":"binary-expr","locations":[{"start":{"line":17,"column":5},"end":{"line":17,"column":18}},{"start":{"line":17,"column":22},"end":{"line":17,"column":30}}]},"3":{"line":51
[...]
e":90,"column":1},"end":{"line":90,"column":17}},"54":{"start":{"line":91,"column":1},"end":{"line":110,"column":5}},"55":{"start":{"line":93,"column":3},"end":{"line":93,"column":33}},"56":{"start":{"line":94,"column":3},"end":{"line":94,"column":55}},"57":{"start":{"line":95,"column":3},"end":{"line":95,"column":22}},"58":{"start":{"line":95,"column":15},"end":{"line":95,"column":22}},"59":{"start":{"line":96,"column":3},"end":{"line":96,"column":31}},"60":{"start":{"line":97,"column":3},"end":{"line":97,"column":19}},"61":{"start":{"line":97,"column":12},"end":{"line":97,"column":19}},"62":{"start":{"line":98,"column":3},"end":{"line":98,"column":27}},"63":{"start":{"line":99,"column":3},"end":{"line":99,"column":27}},"64":{"start":{"line":100,"column":3},"end":{"line":100,"column":30}},"65":{"start":{"line":101,"column":3},"end":{"line":101,"column":62}},"66":{"start":{"line":104,"column":3},"end":{"line":104,"column":31}},"67":{"start":{"line":105,"column":3},"end":{"line":105,"column":37}},"68":{"start":{"line":109,"column":3},"end":{"line":109,"column":30}},"69":{"start":{"line":113,"column":0},"end":{"line":133,"column":2}},"70":{"start":{"line":114,"column":1},"end":{"line":114,"column":35}},"71":{"start":{"line":114,"column":28},"end":{"line":114,"column":35}},"72":{"start":{"line":116,"column":1},"end":{"line":116,"column":26}},"73":{"start":{"line":117,"column":1},"end":{"line":117,"column":20}},"74":{"start":{"line":117,"column":13},"end":{"line":117,"column":20}},"75":{"start":{"line":119,"column":1},"end":{"line":119,"column":29}},"76":{"start":{"line":120,"column":1},"end":{"line":120,"column":35}},"77":{"start":{"line":120,"column":28},"end":{"line":120,"column":35}},"78":{"start":{"line":122,"column":1},"end":{"line":122,"column":62}},"79":{"start":{"line":123,"column":1},"end":{"line":129,"column":2}},"80":{"start":{"line":124,"column":2},"end":{"line":124,"column":32}},"81":{"start":{"line":125,"column":2},"end":{"line":125,"column":26}},"82":{"start":{"line":126,"column":2},"end":{"line":126,"column":29}},"83":{"start":{"line":128,"column":2},"end":{"line":128,"column":29}},"84":{"start":{"line":131,"column":1},"end":{"line":132,"column":71}},"85":{"start":{"line":135,"column":0},"end":{"line":153,"column":2}},"86":{"start":{"line":136,"column":1},"end":{"line":136,"column":17}},"87":{"start":{"line":137,"column":1},"end":{"line":139,"column":4}},"88":{"start":{"line":138,"column":2},"end":{"line":138,"column":58}},"89":{"start":{"line":140,"column":1},"end":{"line":140,"column":54}},"90":{"start":{"line":141,"column":1},"end":{"line":151,"column":2}},"91":{"start":{"line":142,"column":2},"end":{"line":150,"column":6}},"92":{"start":{"line":144,"column":4},"end":{"line":144,"column":27}},"93":{"start":{"line":144,"column":20},"end":{"line":144,"column":27}},"94":{"start":{"line":145,"column":4},"end":{"line":147,"column":7}},"95":{"start":{"line":146,"column":5},"end":{"line":146,"column":65}},"96":{"start":{"line":148,"column":4},"end":{"line":148,"column":58}},"97":{"start":{"line":149,"column":4},"end":{"line":149,"column":93}},"98":{"start":{"line":152,"column":1},"end":{"line":152,"column":13}},"99":{"start":{"line":155,"column":0},"end":{"line":165,"column":2}},"100":{"start":{"line":156,"column":1},"end":{"line":158,"column":2}},"101":{"start":{"line":157,"column":2},"end":{"line":157,"column":49}},"102":{"start":{"line":159,"column":1},"end":{"line":161,"column":2}},"103":{"start":{"line":160,"column":2},"end":{"line":160,"column":15}},"104":{"start":{"line":162,"column":1},"end":{"line":162,"column":74}},"105":{"start":{"line":163,"column":1},"end":{"line":163,"column":67}},"106":{"start":{"line":163,"column":38},"end":{"line":163,"column":67}},"107":{"start":{"line":164,"column":1},"end":{"line":164,"column":41}}},"branchMap":{"1":{"line":31,"type":"if","locations":[{"start":{"line":31,"column":1},"end":{"line":31,"column":1}},{"start":{"line":31,"column":1},"end":{"line":31,"column":1}}]},"2":{"line":37,"type":"if","locations":[{"start":{"line":37,"column":1},"end":{"line":37,"column":1}},{"start":{"line":37,"column":1},"end":{"line":37,"column":1}}]},"3":{"line":44,"type":"if","locations":[{"start":{"line":44,"column":1},"end":{"line":44,"column":1}},{"start":{"line":44,"column":1},"end":{"line":44,"column":1}}]},"4":{"line":68,"type":"if","locations":[{"start":{"line":68,"column":1},"end":{"line":68,"column":1}},{"start":{"line":68,"column":1},"end":{"line":68,"column":1}}]},"5":{"line":84,"type":"cond-expr","locations":[{"start":{"line":84,"column":77},"end":{"line":84,"column":108}},{"start":{"line":84,"column":112},"end":{"line":84,"column":115}}]},"6":{"line":84,"type":"binary-expr","locations":[{"start":{"line":84,"column":77},"end":{"line":84,"column":86}},{"start":{"line":84,"column":90},"end":{"line":84,"column":101}},{"start":{"line":84,"column":105},"end":{"line":84,"column":108}}]},"7":{"line":94,"type":"binary-expr","locations":[{"start":{"line":94,"column":15},"end":{"line":94,"column":18}},{"start":{"line":94,"column":22},"end":{"line":94,"column":33}},{"start":{"line":94,"column":37},"end":{"line":94,"column":54}}]},"8":{"line":95,"type":"if","locations":[{"start":{"line":95,"column":3},"end":{"line":95,"column":3}},{"start":{"line":95,"column":3},"end":{"line":95,"column":3}}]},"9":{"line":97,"type":"if","locations":[{"start":{"line":97,"column":3},"end":{"line":97,"column":3}},{"start":{"line":97,"column":3},"end":{"line":97,"column":3}}]},"10":{"line":105,"type":"binary-expr","locations":[{"start":{"line":105,"column":10},"end":{"line":105,"column":30}},{"start":{"line":105,"column":34},"end":{"line":105,"column":36}}]},"11":{"line":114,"type":"if","locations":[{"start":{"line":114,"column":1},"end":{"line":114,"column":1}},{"start":{"line":114,"column":1},"end":{"line":114,"column":1}}]},"12":{"line":117,"type":"if","locations":[{"start":{"line":117,"column":1},"end":{"line":117,"column":1}},{"start":{"line":117,"column":1},"end":{"line":117,"column":1}}]},"13":{"line":120,"type":"if","locations":[{"start":{"line":120,"column":1},"end":{"line":120,"column":1}},{"start":{"line":120,"column":1},"end":{"line":120,"column":1}}]},"14":{"line":120,"type":"binary-expr","locations":[{"start":{"line":120,"column":5},"end":{"line":120,"column":8}},{"start":{"line":120,"column":12},"end":{"line":120,"column":26}}]},"15":{"line":123,"type":"if","locations":[{"start":{"line":123,"column":1},"end":{"line":123,"column":1}},{"start":{"line":123,"column":1},"end":{"line":123,"column":1}}]},"16":{"line":138,"type":"binary-expr","locations":[{"start":{"line":138,"column":9},"end":{"line":138,"column":12}},{"start":{"line":138,"column":16},"end":{"line":138,"column":27}},{"start":{"line":138,"column":31},"end":{"line":138,"column":57}}]},"17":{"line":141,"type":"if","locations":[{"start":{"line":141,"column":1},"end":{"line":141,"column":1}},{"start":{"line":141,"column":1},"end":{"line":141,"column":1}}]},"18":{"line":144,"type":"if","locations":[{"start":{"line":144,"column":4},"end":{"line":144,"column":4}},{"start":{"line":144,"column":4},"end":{"line":144,"column":4}}]},"19":{"line":146,"type":"cond-expr","locations":[{"start":{"line":146,"column":45},"end":{"line":146,"column":58}},{"start":{"line":146,"column":61},"end":{"line":146,"column":64}}]},"20":{"line":156,"type":"if","locations":[{"start":{"line":156,"column":1},"end":{"line":156,"column":1}},{"start":{"line":156,"column":1},"end":{"line":156,"column":1}}]},"21":{"line":156,"type":"binary-expr","locations":[{"start":{"line":156,"column":5},"end":{"line":156,"column":14}},{"start":{"line":156,"column":18},"end":{"line":156,"column":35}}]},"22":{"line":159,"type":"if","locations":[{"start":{"line":159,"column":1},"end":{"line":159,"column":1}},{"start":{"line":159,"column":1},"end":{"line":159,"column":1}}]},"23":{"line":163,"type":"if","locations":[{"start":{"line":163,"column":1},"end":{"line":163,"column":1}},{"start":{"line":163,"column":1},"end":{"line":163,"column":1}}]}},"code":["/**"," * Created by kraig on 3/20/16."," */","","var Discover = require('harmonyhubjs-discover');","var EventEmitter = require('events').EventEmitter;","var util = require('util');","var _ = require('lodash');","var Promise = require('bluebird');","var Hub = require('./hub').Hub;","var Connection = require('./hub-connection');","var AccessoryBase = require('./accessory-base').AccessoryBase;","","var Events = {","\tDiscoveredHubs: 'discoveredHubs'","};","","module.exports = function() {","\treturn HomePlatform;","};","module.exports.Events = Events;","module.exports.HomePlatform = HomePlatform;","","var singleton;","","function HomePlatform(log, config, api) {","\tEventEmitter.call(this);","","\tthis.log = log;","","\tif (!config) {","\t\tlog.warn(\"Ignoring Harmony Platform setup because it is not configured\");","\t\tthis.disabled = true;","\t\treturn;","\t}","","\tif (singleton) {","\t\tlog.warn(\"Ignoring duplicate Harmony Platform.  Only one platform can be defined.  Multi-Hub support is now built into the platform, so multiple definitions are no longer required.\");","\t\tthis.disabled = true;","\t\treturn;","\t}","\tsingleton = this;","","\tif (config.ip_address) {","\t\tlog.warn(\"Specifying ip_address is no longer supported in the platform, so the specified ip_address will be ignored. The platform is designed for auto discovery of all hubs on the network.\");","\t}","","\tvar self = this;","","\tself._discoveredHubs = [];","\tself._cachedAccessories = [];","\tself._hubs = {};","\tself._hubIndex = [];","\tself._isInitialized = false;","\tself._autoAddNewHubs = false;","","\tself._discover = new Discover(61991);","","\tself._discover.on('update', function (hubs) {","\t\tself.log.debug('received update event from harmonyhubjs-discover. there are ' + hubs.length + ' hubs');","\t\tself._discoveredHubs = hubs;","\t\t_.forEach(self._discoveredHubs, self._handleDiscoveredHubAsync.bind(self));","\t\tself.emit(Events.DiscoveredHubs, hubs);","\t});","\t","\tself._discover.start();","","\tif (api) {","\t\t// Save the API object as plugin needs to register new accessory via this object.","\t\tself._api = api;","","\t\t// Listen to event \"didFinishLaunching\", this means homebridge already finished loading cached accessories","\t\t// Platform Plugin should only register new accessory that doesn't exist in homebridge after this event.","\t\t// Or start discover new accessories","\t\tself._api.on('didFinishLaunching', self._finishInitialization.bind(self));","\t}","}","util.inherits(HomePlatform, EventEmitter);","","HomePlatform.prototype._finishInitialization = function() {","\tvar self = this;","\treturn this._finishInitializationAsync()","\t\t.catch(function(err) {","\t\t\tself.log.error('Error finishing initialization of HarmonyHub: ' + (err ? (err.stack || err.message || err) : err));","\t\t});","};","","HomePlatform.prototype._finishInitializationAsync = function() {","\tthis.log.debug(\"Finalizing Plugin Launch\");","\tvar self = this;","\treturn Promise","\t\t.map(self._cachedAccessories, function(acc) {","\t\t\tacc.updateReachability(false);","\t\t\tvar hubId = acc && acc.context && acc.context.hubId;","\t\t\tif (!hubId) return;","\t\t\tvar hub = self._hubs[hubId];","\t\t\tif (hub) return;","\t\t\thub = new Hub(self.log);","\t\t\tself._hubs[hubId] = hub;","\t\t\tself._hubIndex.push(hubId);","\t\t\treturn self._refreshHubAccessoriesAsync(hubId, hub, false);","\t\t})","\t\t.then(function(){","\t\t\tself._autoAddNewHubs = true;","\t\t\treturn this._discoveredHubs || [];","\t\t})","\t\t.map(self._handleDiscoveredHubAsync.bind(self))","\t\t.then(function() {","\t\t\tself._isInitialized = true;","\t\t});","};","","HomePlatform.prototype._handleDiscoveredHubAsync = function(hubInfo) {","\tif (!this._autoAddNewHubs) return;","","\tvar hubId = hubInfo.uuid;","\tif (!hubId) return;","","\tvar hub = this._hubs[hubId];","\tif (hub && hub.connection) return;","","\tvar conn = new Connection(hubInfo, this.log, this._discover);","\tif (!hub) {","\t\thub = new Hub(this.log, conn);","\t\tthis._hubs[hubId] = hub;","\t\tthis._hubIndex.push(hubId);","\t} else {","\t\thub.updateConnection(conn);","\t}","","\treturn conn.connectAsync(hubInfo)","\t\t.then(this._refreshHubAccessoriesAsync.bind(this, hubId, hub, true));","};","","HomePlatform.prototype._refreshHubAccessoriesAsync = function(hubId, hub, doRegister) {","\tvar self = this;","\tvar cachedAccList = _.filter(self._cachedAccessories, function(acc) {","\t\treturn acc && acc.context && acc.context.hubId == hubId;","\t});","\tvar task = hub.updateAccessoriesAsync(cachedAccList);","\tif (doRegister) {","\t\ttask = task","\t\t\t.tap(function(accList) {","\t\t\t\tif (!self._api) return;","\t\t\t\taccList = _.map(accList, function(acc) {","\t\t\t\t\treturn (acc instanceof AccessoryBase) ? acc.accessory : acc;","\t\t\t\t});","\t\t\t\tvar newAccList = _.difference(accList, cachedAccList);","\t\t\t\tself._api.registerPlatformAccessories(\"homebridge-harmonyhub\", \"HarmonyHub\", newAccList);","\t\t\t});","\t}","\treturn task;","};","","HomePlatform.prototype.configureAccessory = function(accessory) {","\tif (singleton && singleton != this) {","\t\treturn singleton.configureAccessory(accessory);","\t}","\tif (this.disabled) {","\t\treturn false;","\t}","\tthis.log.debug(\"Plugin - Configure Accessory: \" + accessory.displayName);","\tif (this._cachedAccessories == null) this._cachedAccessories = [];","\tthis._cachedAccessories.push(accessory);","};",""],"l":{"5":1,"6":1,"7":1,"8":1,"9":1,"10":1,"11":1,"12":1,"14":1,"18":1,"19":0,"21":1,"22":1,"24":1,"26":1,"27":0,"29":0,"31":0,"32":0,"33":0,"34":0,"37":0,"38":0,"39":0,"40":0,"42":0,"44":0,"45":0,"48":0,"50":0,"51":0,"52":0,"53":0,"54":0,"55":0,"57":0,"59":0,"60":0,"61":0,"62":0,"63":0,"66":0,"68":0,"70":0,"75":0,"78":1,"80":1,"81":0,"82":0,"84":0,"88":1,"89":0,"90":0,"91":0,"93":0,"94":0,"95":0,"96":0,"97":0,"98":0,"99":0,"100":0,"101":0,"104":0,"105":0,"109":0,"113":1,"114":0,"116":0,"117":0,"119":0,"120":0,"122":0,"123":0,"124":0,"125":0,"126":0,"128":0,"131":0,"135":1,"136":0,"137":0,"138":0,"140":0,"141":0,"142":0,"144":0,"145":0,"146":0,"148":0,"149":0,"152":0,"155":1,"156":0,"157":0,"159":0,"160":0,"162":0,"163":0,"164":0}},"/home/travis/build/npmtest/node-npmtest-homebridge-harmonyhub/node_modules/homebridge-harmonyhub/lib/hub.js":{"path":"/home/travis/build/npmtest/node-npmtest-homebridge-harmonyhub/node_modules/homebridge-harmonyhub/lib/hub.js","s":{"1":1,"2":1,"3":1,"4":1,"5":0,"6":1,"7":1,"8":0,"9":0,"10":1,"11":0,"12":0,"13":0,"14":0,"15":1,"16":0,"17":0,"18":0,"19":1,"20":0,"21":0,"22":0,"23":0,"24":0,"25":0,"26":0,"27":0,"28":0,"29":0,"30":0},"b":{"1":[0,0],"2":[0,0],"3":[0,0]},"f":{"1":0,"2":0,"3":0,"4":0,"5":0,"6":0,"7":0,"8":0,"9":0},"fnMap":{"1":{"name":"(anonymous_1)","line":9,"loc":{"start":{"line":9,"column":17},"end":{"line":9,"column":41}}},"2":{"name":"Hub","line":14,"loc":{"start":{"line":14,"column":0},"end":{"line":14,"column":30}}},"3":{"name":"(anonymous_3)","line":19,"loc":{"start":{"line":19,"column":33},"end":{"line":19,"column":54}}},"4":{"name":"(anonymous_4)","line":21,"loc":{"start":{"line":21,"column":30},"end":{"line":21,"column":43}}},"5":{"name":"(anonymous_5)","line":26,"loc":{"start":{"line":26,"column":36},"end":{"line":26,"column":47}}},"6":{"name":"(anonymous_6)","line":33,"loc":{"start":{"line":33,"column":39},"end":{"line":33,"column":67}}},"7":{"name":"(anonymous_7)","line":37,"loc":{"start":{"line":37,"column":51},"end":{"line":37,"column":66}}},"8":{"name":"(anonymous_8)","line":40,"loc":{"start":{"line":40,"column":45},"end":{"line":40,"column":58}}},"9":{"name":"(anonymous_9)","line":47,"loc":{"start":{"line":47,"column":7},"end":{"line":47,"column":28}}}},"statementMap":{"1":{"start":{"line":5,"column":0},"end":{"line":5,"column":34}},"2":{"start":{"line":6,"column":0},"end":{"line":6,"column":74}},"3":{"start":{"line":7,"column":0},"end":{"line":7,"column":26}},"4":{"start":{"line":9,"column":0},"end":{"line":11,"column":2}},"5":{"start":{"line":10,"column":1},"end":{"line":10,"column":12}},"6":{"start":{"line":12,"column":0},"end":{"line":12,"column":25}},"7":{"start":{"line":14,"column":0},"end":{"line":17,"column":1}},"8":{"start":{"line":15,"column":1},"end":{"line":15,"column":30}},"9":{"start":{"line":16,"column":1},"end":{"line":16,"column":16}},"10":{"start":{"line":19,"column":0},"end":{"line":24,"column":2}},"11":{"start":{"line":20,"column":1},"end":{"line":20,"column":30}},"12":{"start":{"line":21,"column":1},"end":{"line":23,"column":4}},"13":{"start":{"line":22,"column":2},"end":{"line":22,"column":61}},"14":{"start":{"line":22,"column":28},"end":{"line":22,"column":61}},"15":{"start":{"line":26,"column":0},"end":{"line":31,"column":2}},"16":{"start":{"line":27,"column":1},"end":{"line":29,"column":2}},"17":{"start":{"line":28,"column":2},"end":{"line":28,"column":44}},"18":{"start":{"line":30,"column":1},"end":{"line":30,"column":38}},"19":{"start":{"line":33,"column":0},"end":{"line":50,"column":2}},"20":{"start":{"line":34,"column":1},"end":{"line":34,"column":17}},"21":{"start":{"line":35,"column":1},"end":{"line":35,"column":28}},"22":{"start":{"line":37,"column":1},"end":{"line":39,"column":4}},"23":{"start":{"line":38,"column":2},"end":{"line":38,"column":57}},"24":{"start":{"line":40,"column":1},"end":{"line":40,"column":102}},"25":{"start":{"line":40,"column":60},"end":{"line":40,"column":98}},"26":{"start":{"line":41,"column":1},"end":{"line":41,"column":90}},"27":{"start":{"line":41,"column":19},"end":{"line":41,"column":90}},"28":{"start":{"line":42,"column":1},"end":{"line":42,"column":64}},"29":{"start":{"line":44,"column":1},"end":{"line":49,"column":5}},"30":{"start":{"line":48,"column":3},"end":{"line":48,"column":35}}},"branchMap":{"1":{"line":22,"type":"if","locations":[{"start":{"line":22,"column":2},"end":{"line":22,"column":2}},{"start":{"line":22,"column":2},"end":{"line":22,"column":2}}]},"2":{"line":27,"type":"if","locations":[{"start":{"line":27,"column":1},"end":{"line":27,"column":1}},{"start":{"line":27,"column":1},"end":{"line":27,"column":1}}]},"3":{"line":41,"type":"if","locations":[{"start":{"line":41,"column":1},"end":{"line":41,"column":1}},{"start":{"line":41,"column":1},"end":{"line":41,"column":1}}]}},"code":["/**"," * Created by kraig on 3/20/16."," */","","var Promise = require('bluebird');","var ActivityAccessory = require('./activity-accessory').ActivityAccessory;","var _ = require('lodash');","","module.exports = function(exportedTypes) {","\treturn Hub;","};","module.exports.Hub = Hub;","","function Hub(log, connection) {","\tthis.connection = connection;","\tthis.log = log;","}","","Hub.prototype.updateConnection = function(connection) {","\tthis.connection = connection;","\t_.forEach(this._accessories, function(acc){","\t\tif (acc.updateConnection) acc.updateConnection(connection);","\t});","};","","Hub.prototype.getAccessoriesAsync = function() {","\tif (this._accessories) {","\t\treturn Promise.resolve(this._accessories);","\t}","\treturn this.updateAccessoriesAsync();","};","","Hub.prototype.updateAccessoriesAsync = function(cachedAccessories) {","\tvar self = this;","\tvar conn = this.connection;","","\tvar activityCachedAcc = _.find(cachedAccessories, function (acc) {","\t\treturn acc.context.typeKey = ActivityAccessory.typeKey;","\t});","\tvar activityAcc = _.find(this._accessories, function (a) { return a instanceof ActivityAccessory; });","\tif (!activityAcc) activityAcc = new ActivityAccessory(activityCachedAcc, this.log, conn);","\tvar activityTask = activityAcc.initAsync().return(activityAcc);","","\treturn Promise.all([","\t\t\tactivityTask","\t\t])","\t\t.tap(function(accessories){","\t\t\tself._accessories = accessories;","\t\t});","};","",""],"l":{"5":1,"6":1,"7":1,"9":1,"10":0,"12":1,"14":1,"15":0,"16":0,"19":1,"20":0,"21":0,"22":0,"26":1,"27":0,"28":0,"30":0,"33":1,"34":0,"35":0,"37":0,"38":0,"40":0,"41":0,"42":0,"44":0,"48":0}}}